{"numFailedTestSuites":0,"numFailedTests":0,"numPassedTestSuites":1,"numPassedTests":2,"numPendingTestSuites":0,"numPendingTests":0,"numRuntimeErrorTestSuites":0,"numTotalTestSuites":1,"numTotalTests":2,"openHandles":[],"snapshot":{"added":0,"didUpdate":false,"failure":false,"filesAdded":0,"filesRemoved":0,"filesUnmatched":0,"filesUpdated":0,"matched":0,"total":0,"unchecked":0,"uncheckedKeysByFile":[],"unmatched":0,"updated":0},"startTime":1589382182793,"success":true,"testResults":[{"assertionResults":[{"ancestorTitles":["GET REGISTER COMPONENT"],"failureMessages":[],"fullName":"GET REGISTER COMPONENT GFST3-Register Component has a register with the proper name attribute","location":null,"status":"passed","title":"GFST3-Register Component has a register with the proper name attribute"},{"ancestorTitles":["GET REGISTER COMPONENT"],"failureMessages":[],"fullName":"GET REGISTER COMPONENT GFST3-Register Component has a register with the proper name attribute","location":null,"status":"passed","title":"GFST3-Register Component has a register with the proper name attribute"}],"endTime":1589382213381,"message":"","name":"F:\\ReactJS\\Code-ToTrainee\\wanderlust-react-ui\\src\\App.test.js","startTime":1589382194273,"status":"passed","summary":""}],"wasInterrupted":false,"coverageMap":{"F:\\ReactJS\\Code-ToTrainee\\wanderlust-react-ui\\src\\setupTests.js":{"path":"F:\\ReactJS\\Code-ToTrainee\\wanderlust-react-ui\\src\\setupTests.js","statementMap":{"0":{"start":{"line":4,"column":0},"end":{"line":4,"column":38}}},"fnMap":{},"branchMap":{},"s":{"0":1},"f":{},"b":{},"_coverageSchema":"332fd63041d2c1bcb487cc26dd0d5f7d97098a6c","hash":"3bfa4ac04fd185ae88a8250d9449a1e3a726f539"},"F:\\ReactJS\\Code-ToTrainee\\wanderlust-react-ui\\src\\components\\login.js":{"path":"F:\\ReactJS\\Code-ToTrainee\\wanderlust-react-ui\\src\\components\\login.js","statementMap":{"0":{"start":{"line":15,"column":23},"end":{"line":24,"column":3}},"1":{"start":{"line":26,"column":2},"end":{"line":26,"column":41}},"2":{"start":{"line":27,"column":18},"end":{"line":44,"column":3}},"3":{"start":{"line":27,"column":41},"end":{"line":44,"column":1}},"4":{"start":{"line":52,"column":8},"end":{"line":52,"column":21}},"5":{"start":{"line":53,"column":8},"end":{"line":72,"column":9}},"6":{"start":{"line":81,"column":8},"end":{"line":81,"column":45}},"7":{"start":{"line":86,"column":23},"end":{"line":86,"column":35}},"8":{"start":{"line":87,"column":22},"end":{"line":87,"column":34}},"9":{"start":{"line":88,"column":21},"end":{"line":88,"column":32}},"10":{"start":{"line":89,"column":30},"end":{"line":89,"column":40}},"11":{"start":{"line":90,"column":8},"end":{"line":92,"column":11}},"12":{"start":{"line":93,"column":8},"end":{"line":93,"column":40}},"13":{"start":{"line":98,"column":30},"end":{"line":98,"column":40}},"14":{"start":{"line":99,"column":8},"end":{"line":99,"column":43}},"15":{"start":{"line":122,"column":8},"end":{"line":122,"column":31}},"16":{"start":{"line":123,"column":8},"end":{"line":123,"column":21}},"17":{"start":{"line":127,"column":36},"end":{"line":127,"column":68}},"18":{"start":{"line":128,"column":24},"end":{"line":128,"column":49}},"19":{"start":{"line":129,"column":8},"end":{"line":157,"column":9}},"20":{"start":{"line":131,"column":31},"end":{"line":131,"column":45}},"21":{"start":{"line":132,"column":16},"end":{"line":141,"column":17}},"22":{"start":{"line":133,"column":20},"end":{"line":133,"column":89}},"23":{"start":{"line":134,"column":20},"end":{"line":134,"column":48}},"24":{"start":{"line":135,"column":23},"end":{"line":141,"column":17}},"25":{"start":{"line":136,"column":20},"end":{"line":136,"column":105}},"26":{"start":{"line":137,"column":20},"end":{"line":137,"column":48}},"27":{"start":{"line":139,"column":20},"end":{"line":139,"column":57}},"28":{"start":{"line":140,"column":20},"end":{"line":140,"column":47}},"29":{"start":{"line":142,"column":16},"end":{"line":142,"column":22}},"30":{"start":{"line":144,"column":16},"end":{"line":153,"column":17}},"31":{"start":{"line":145,"column":20},"end":{"line":145,"column":78}},"32":{"start":{"line":146,"column":20},"end":{"line":146,"column":47}},"33":{"start":{"line":151,"column":20},"end":{"line":151,"column":56}},"34":{"start":{"line":152,"column":20},"end":{"line":152,"column":46}},"35":{"start":{"line":154,"column":16},"end":{"line":154,"column":22}},"36":{"start":{"line":156,"column":16},"end":{"line":156,"column":22}},"37":{"start":{"line":158,"column":8},"end":{"line":158,"column":75}},"38":{"start":{"line":159,"column":8},"end":{"line":163,"column":11}},"39":{"start":{"line":166,"column":27},"end":{"line":166,"column":65}},"40":{"start":{"line":167,"column":12},"end":{"line":190,"column":15}},"41":{"start":{"line":169,"column":26},"end":{"line":169,"column":55}},"42":{"start":{"line":171,"column":25},"end":{"line":171,"column":36}},"43":{"start":{"line":172,"column":14},"end":{"line":172,"column":41}},"44":{"start":{"line":174,"column":14},"end":{"line":176,"column":16}},"45":{"start":{"line":177,"column":14},"end":{"line":177,"column":62}},"46":{"start":{"line":178,"column":14},"end":{"line":178,"column":78}},"47":{"start":{"line":182,"column":30},"end":{"line":182,"column":40}},"48":{"start":{"line":183,"column":33},"end":{"line":183,"column":46}},"49":{"start":{"line":185,"column":26},"end":{"line":185,"column":37}},"50":{"start":{"line":187,"column":31},"end":{"line":187,"column":47}},"51":{"start":{"line":188,"column":14},"end":{"line":188,"column":57}},"52":{"start":{"line":195,"column":8},"end":{"line":195,"column":52}},"53":{"start":{"line":197,"column":8},"end":{"line":204,"column":9}},"54":{"start":{"line":198,"column":12},"end":{"line":198,"column":49}},"55":{"start":{"line":200,"column":16},"end":{"line":200,"column":83}},"56":{"start":{"line":201,"column":16},"end":{"line":201,"column":73}},"57":{"start":{"line":202,"column":16},"end":{"line":202,"column":77}},"58":{"start":{"line":205,"column":5},"end":{"line":205,"column":102}},"59":{"start":{"line":205,"column":44},"end":{"line":205,"column":102}},"60":{"start":{"line":206,"column":8},"end":{"line":206,"column":120}},"61":{"start":{"line":206,"column":84},"end":{"line":206,"column":120}},"62":{"start":{"line":207,"column":8},"end":{"line":286,"column":9}},"63":{"start":{"line":290,"column":24},"end":{"line":292,"column":4}},"64":{"start":{"line":290,"column":34},"end":{"line":292,"column":3}}},"fnMap":{"0":{"name":"(anonymous_0)","decl":{"start":{"line":27,"column":29},"end":{"line":27,"column":30}},"loc":{"start":{"line":27,"column":41},"end":{"line":44,"column":1}},"line":27},"1":{"name":"(anonymous_1)","decl":{"start":{"line":51,"column":4},"end":{"line":51,"column":5}},"loc":{"start":{"line":51,"column":23},"end":{"line":73,"column":5}},"line":51},"2":{"name":"(anonymous_2)","decl":{"start":{"line":75,"column":4},"end":{"line":75,"column":5}},"loc":{"start":{"line":75,"column":23},"end":{"line":77,"column":5}},"line":75},"3":{"name":"(anonymous_3)","decl":{"start":{"line":80,"column":18},"end":{"line":80,"column":19}},"loc":{"start":{"line":80,"column":24},"end":{"line":82,"column":5}},"line":80},"4":{"name":"(anonymous_4)","decl":{"start":{"line":85,"column":19},"end":{"line":85,"column":20}},"loc":{"start":{"line":85,"column":30},"end":{"line":95,"column":5}},"line":85},"5":{"name":"(anonymous_5)","decl":{"start":{"line":97,"column":12},"end":{"line":97,"column":13}},"loc":{"start":{"line":97,"column":18},"end":{"line":119,"column":5}},"line":97},"6":{"name":"(anonymous_6)","decl":{"start":{"line":121,"column":19},"end":{"line":121,"column":20}},"loc":{"start":{"line":121,"column":30},"end":{"line":124,"column":5}},"line":121},"7":{"name":"(anonymous_7)","decl":{"start":{"line":126,"column":20},"end":{"line":126,"column":21}},"loc":{"start":{"line":126,"column":42},"end":{"line":164,"column":5}},"line":126},"8":{"name":"(anonymous_8)","decl":{"start":{"line":165,"column":16},"end":{"line":165,"column":17}},"loc":{"start":{"line":165,"column":20},"end":{"line":191,"column":11}},"line":165},"9":{"name":"(anonymous_9)","decl":{"start":{"line":167,"column":59},"end":{"line":167,"column":60}},"loc":{"start":{"line":167,"column":71},"end":{"line":180,"column":13}},"line":167},"10":{"name":"(anonymous_10)","decl":{"start":{"line":180,"column":21},"end":{"line":180,"column":22}},"loc":{"start":{"line":180,"column":31},"end":{"line":190,"column":13}},"line":180},"11":{"name":"(anonymous_11)","decl":{"start":{"line":194,"column":4},"end":{"line":194,"column":5}},"loc":{"start":{"line":194,"column":13},"end":{"line":287,"column":5}},"line":194},"12":{"name":"(anonymous_12)","decl":{"start":{"line":290,"column":24},"end":{"line":290,"column":25}},"loc":{"start":{"line":290,"column":34},"end":{"line":292,"column":3}},"line":290}},"branchMap":{"0":{"loc":{"start":{"line":129,"column":8},"end":{"line":157,"column":9}},"type":"switch","locations":[{"start":{"line":130,"column":12},"end":{"line":142,"column":22}},{"start":{"line":143,"column":12},"end":{"line":154,"column":22}},{"start":{"line":155,"column":12},"end":{"line":156,"column":22}}],"line":129},"1":{"loc":{"start":{"line":132,"column":16},"end":{"line":141,"column":17}},"type":"if","locations":[{"start":{"line":132,"column":16},"end":{"line":141,"column":17}},{"start":{"line":132,"column":16},"end":{"line":141,"column":17}}],"line":132},"2":{"loc":{"start":{"line":132,"column":20},"end":{"line":132,"column":42}},"type":"binary-expr","locations":[{"start":{"line":132,"column":20},"end":{"line":132,"column":26}},{"start":{"line":132,"column":30},"end":{"line":132,"column":42}}],"line":132},"3":{"loc":{"start":{"line":135,"column":23},"end":{"line":141,"column":17}},"type":"if","locations":[{"start":{"line":135,"column":23},"end":{"line":141,"column":17}},{"start":{"line":135,"column":23},"end":{"line":141,"column":17}}],"line":135},"4":{"loc":{"start":{"line":144,"column":16},"end":{"line":153,"column":17}},"type":"if","locations":[{"start":{"line":144,"column":16},"end":{"line":153,"column":17}},{"start":{"line":144,"column":16},"end":{"line":153,"column":17}}],"line":144},"5":{"loc":{"start":{"line":144,"column":20},"end":{"line":144,"column":42}},"type":"binary-expr","locations":[{"start":{"line":144,"column":20},"end":{"line":144,"column":26}},{"start":{"line":144,"column":30},"end":{"line":144,"column":42}}],"line":144},"6":{"loc":{"start":{"line":158,"column":33},"end":{"line":158,"column":74}},"type":"binary-expr","locations":[{"start":{"line":158,"column":33},"end":{"line":158,"column":52}},{"start":{"line":158,"column":56},"end":{"line":158,"column":74}}],"line":158},"7":{"loc":{"start":{"line":197,"column":8},"end":{"line":204,"column":9}},"type":"if","locations":[{"start":{"line":197,"column":8},"end":{"line":204,"column":9}},{"start":{"line":197,"column":8},"end":{"line":204,"column":9}}],"line":197},"8":{"loc":{"start":{"line":205,"column":5},"end":{"line":205,"column":102}},"type":"if","locations":[{"start":{"line":205,"column":5},"end":{"line":205,"column":102}},{"start":{"line":205,"column":5},"end":{"line":205,"column":102}}],"line":205},"9":{"loc":{"start":{"line":206,"column":8},"end":{"line":206,"column":120}},"type":"if","locations":[{"start":{"line":206,"column":8},"end":{"line":206,"column":120}},{"start":{"line":206,"column":8},"end":{"line":206,"column":120}}],"line":206},"10":{"loc":{"start":{"line":206,"column":12},"end":{"line":206,"column":82}},"type":"binary-expr","locations":[{"start":{"line":206,"column":12},"end":{"line":206,"column":44}},{"start":{"line":206,"column":47},"end":{"line":206,"column":82}}],"line":206},"11":{"loc":{"start":{"line":213,"column":33},"end":{"line":213,"column":117}},"type":"cond-expr","locations":[{"start":{"line":213,"column":59},"end":{"line":213,"column":114}},{"start":{"line":213,"column":115},"end":{"line":213,"column":117}}],"line":213},"12":{"loc":{"start":{"line":227,"column":37},"end":{"line":230,"column":46}},"type":"cond-expr","locations":[{"start":{"line":227,"column":83},"end":{"line":229,"column":43}},{"start":{"line":230,"column":42},"end":{"line":230,"column":46}}],"line":227},"13":{"loc":{"start":{"line":243,"column":37},"end":{"line":246,"column":46}},"type":"cond-expr","locations":[{"start":{"line":243,"column":82},"end":{"line":245,"column":43}},{"start":{"line":246,"column":42},"end":{"line":246,"column":46}}],"line":243},"14":{"loc":{"start":{"line":275,"column":37},"end":{"line":276,"column":82}},"type":"cond-expr","locations":[{"start":{"line":275,"column":66},"end":{"line":276,"column":79}},{"start":{"line":276,"column":80},"end":{"line":276,"column":82}}],"line":275}},"s":{"0":1,"1":1,"2":1,"3":0,"4":0,"5":0,"6":0,"7":0,"8":0,"9":0,"10":0,"11":0,"12":0,"13":0,"14":0,"15":0,"16":0,"17":0,"18":0,"19":0,"20":0,"21":0,"22":0,"23":0,"24":0,"25":0,"26":0,"27":0,"28":0,"29":0,"30":0,"31":0,"32":0,"33":0,"34":0,"35":0,"36":0,"37":0,"38":0,"39":0,"40":0,"41":0,"42":0,"43":0,"44":0,"45":0,"46":0,"47":0,"48":0,"49":0,"50":0,"51":0,"52":0,"53":0,"54":0,"55":0,"56":0,"57":0,"58":0,"59":0,"60":0,"61":0,"62":0,"63":1,"64":0},"f":{"0":0,"1":0,"2":0,"3":0,"4":0,"5":0,"6":0,"7":0,"8":0,"9":0,"10":0,"11":0,"12":0},"b":{"0":[0,0,0],"1":[0,0],"2":[0,0],"3":[0,0],"4":[0,0],"5":[0,0],"6":[0,0],"7":[0,0],"8":[0,0],"9":[0,0],"10":[0,0],"11":[0,0],"12":[0,0],"13":[0,0],"14":[0,0]},"_coverageSchema":"332fd63041d2c1bcb487cc26dd0d5f7d97098a6c","hash":"7645fa867b2363c46d43867bfd884eed7e14843f"},"F:\\ReactJS\\Code-ToTrainee\\wanderlust-react-ui\\src\\BackendURL.js":{"path":"F:\\ReactJS\\Code-ToTrainee\\wanderlust-react-ui\\src\\BackendURL.js","statementMap":{"0":{"start":{"line":2,"column":13},"end":{"line":2,"column":17}},"1":{"start":{"line":3,"column":30},"end":{"line":3,"column":61}},"2":{"start":{"line":4,"column":33},"end":{"line":4,"column":67}},"3":{"start":{"line":5,"column":33},"end":{"line":5,"column":64}}},"fnMap":{},"branchMap":{},"s":{"0":1,"1":1,"2":1,"3":1},"f":{},"b":{},"_coverageSchema":"332fd63041d2c1bcb487cc26dd0d5f7d97098a6c","hash":"a17fe2029a7b7c3e15a38d9a095c18fc53f77300"},"F:\\ReactJS\\Code-ToTrainee\\wanderlust-react-ui\\src\\apiCall\\index.js":{"path":"F:\\ReactJS\\Code-ToTrainee\\wanderlust-react-ui\\src\\apiCall\\index.js","statementMap":{"0":{"start":{"line":9,"column":16},"end":{"line":79,"column":1}},"1":{"start":{"line":10,"column":3},"end":{"line":78,"column":10}},"2":{"start":{"line":11,"column":6},"end":{"line":11,"column":31}},"3":{"start":{"line":12,"column":6},"end":{"line":16,"column":8}},"4":{"start":{"line":13,"column":9},"end":{"line":13,"column":29}},"5":{"start":{"line":15,"column":9},"end":{"line":15,"column":54}},"6":{"start":{"line":19,"column":6},"end":{"line":78,"column":9}},"7":{"start":{"line":20,"column":9},"end":{"line":20,"column":34}},"8":{"start":{"line":21,"column":9},"end":{"line":25,"column":11}},"9":{"start":{"line":22,"column":12},"end":{"line":22,"column":32}},"10":{"start":{"line":24,"column":12},"end":{"line":24,"column":57}},"11":{"start":{"line":28,"column":9},"end":{"line":78,"column":8}},"12":{"start":{"line":29,"column":12},"end":{"line":29,"column":40}},"13":{"start":{"line":30,"column":12},"end":{"line":34,"column":14}},"14":{"start":{"line":31,"column":15},"end":{"line":31,"column":35}},"15":{"start":{"line":33,"column":15},"end":{"line":33,"column":60}},"16":{"start":{"line":36,"column":12},"end":{"line":78,"column":7}},"17":{"start":{"line":37,"column":9},"end":{"line":37,"column":33}},"18":{"start":{"line":38,"column":11},"end":{"line":42,"column":14}},"19":{"start":{"line":39,"column":16},"end":{"line":39,"column":36}},"20":{"start":{"line":41,"column":15},"end":{"line":41,"column":60}},"21":{"start":{"line":44,"column":12},"end":{"line":76,"column":5}},"22":{"start":{"line":45,"column":9},"end":{"line":45,"column":36}},"23":{"start":{"line":46,"column":9},"end":{"line":50,"column":10}},"24":{"start":{"line":47,"column":12},"end":{"line":47,"column":32}},"25":{"start":{"line":49,"column":11},"end":{"line":49,"column":56}},"26":{"start":{"line":52,"column":12},"end":{"line":76,"column":4}},"27":{"start":{"line":53,"column":9},"end":{"line":53,"column":36}},"28":{"start":{"line":54,"column":9},"end":{"line":58,"column":10}},"29":{"start":{"line":55,"column":12},"end":{"line":55,"column":32}},"30":{"start":{"line":57,"column":11},"end":{"line":57,"column":56}},"31":{"start":{"line":60,"column":12},"end":{"line":75,"column":7}},"32":{"start":{"line":61,"column":9},"end":{"line":61,"column":39}},"33":{"start":{"line":62,"column":9},"end":{"line":66,"column":10}},"34":{"start":{"line":63,"column":12},"end":{"line":63,"column":32}},"35":{"start":{"line":65,"column":11},"end":{"line":65,"column":56}},"36":{"start":{"line":69,"column":9},"end":{"line":69,"column":34}},"37":{"start":{"line":70,"column":9},"end":{"line":74,"column":11}},"38":{"start":{"line":71,"column":12},"end":{"line":71,"column":32}},"39":{"start":{"line":73,"column":12},"end":{"line":73,"column":57}}},"fnMap":{"0":{"name":"(anonymous_0)","decl":{"start":{"line":9,"column":16},"end":{"line":9,"column":17}},"loc":{"start":{"line":9,"column":42},"end":{"line":79,"column":1}},"line":9},"1":{"name":"(anonymous_1)","decl":{"start":{"line":12,"column":67},"end":{"line":12,"column":68}},"loc":{"start":{"line":12,"column":81},"end":{"line":14,"column":7}},"line":12},"2":{"name":"(anonymous_2)","decl":{"start":{"line":14,"column":15},"end":{"line":14,"column":16}},"loc":{"start":{"line":14,"column":26},"end":{"line":16,"column":7}},"line":14},"3":{"name":"(anonymous_3)","decl":{"start":{"line":21,"column":69},"end":{"line":21,"column":70}},"loc":{"start":{"line":21,"column":83},"end":{"line":23,"column":10}},"line":21},"4":{"name":"(anonymous_4)","decl":{"start":{"line":23,"column":18},"end":{"line":23,"column":19}},"loc":{"start":{"line":23,"column":29},"end":{"line":25,"column":10}},"line":23},"5":{"name":"(anonymous_5)","decl":{"start":{"line":30,"column":74},"end":{"line":30,"column":75}},"loc":{"start":{"line":30,"column":88},"end":{"line":32,"column":13}},"line":30},"6":{"name":"(anonymous_6)","decl":{"start":{"line":32,"column":21},"end":{"line":32,"column":22}},"loc":{"start":{"line":32,"column":32},"end":{"line":34,"column":13}},"line":32},"7":{"name":"(anonymous_7)","decl":{"start":{"line":38,"column":64},"end":{"line":38,"column":65}},"loc":{"start":{"line":38,"column":76},"end":{"line":40,"column":13}},"line":38},"8":{"name":"(anonymous_8)","decl":{"start":{"line":40,"column":21},"end":{"line":40,"column":22}},"loc":{"start":{"line":40,"column":30},"end":{"line":42,"column":13}},"line":40},"9":{"name":"(anonymous_9)","decl":{"start":{"line":46,"column":65},"end":{"line":46,"column":66}},"loc":{"start":{"line":46,"column":77},"end":{"line":48,"column":9}},"line":46},"10":{"name":"(anonymous_10)","decl":{"start":{"line":48,"column":17},"end":{"line":48,"column":18}},"loc":{"start":{"line":48,"column":26},"end":{"line":50,"column":9}},"line":48},"11":{"name":"(anonymous_11)","decl":{"start":{"line":54,"column":72},"end":{"line":54,"column":73}},"loc":{"start":{"line":54,"column":84},"end":{"line":56,"column":9}},"line":54},"12":{"name":"(anonymous_12)","decl":{"start":{"line":56,"column":17},"end":{"line":56,"column":18}},"loc":{"start":{"line":56,"column":26},"end":{"line":58,"column":9}},"line":56},"13":{"name":"(anonymous_13)","decl":{"start":{"line":62,"column":84},"end":{"line":62,"column":85}},"loc":{"start":{"line":62,"column":96},"end":{"line":64,"column":9}},"line":62},"14":{"name":"(anonymous_14)","decl":{"start":{"line":64,"column":17},"end":{"line":64,"column":18}},"loc":{"start":{"line":64,"column":26},"end":{"line":66,"column":9}},"line":64},"15":{"name":"(anonymous_15)","decl":{"start":{"line":70,"column":66},"end":{"line":70,"column":67}},"loc":{"start":{"line":70,"column":80},"end":{"line":72,"column":10}},"line":70},"16":{"name":"(anonymous_16)","decl":{"start":{"line":72,"column":18},"end":{"line":72,"column":19}},"loc":{"start":{"line":72,"column":29},"end":{"line":74,"column":10}},"line":72}},"branchMap":{"0":{"loc":{"start":{"line":10,"column":3},"end":{"line":78,"column":10}},"type":"if","locations":[{"start":{"line":10,"column":3},"end":{"line":78,"column":10}},{"start":{"line":10,"column":3},"end":{"line":78,"column":10}}],"line":10},"1":{"loc":{"start":{"line":10,"column":7},"end":{"line":10,"column":37}},"type":"binary-expr","locations":[{"start":{"line":10,"column":7},"end":{"line":10,"column":12}},{"start":{"line":10,"column":16},"end":{"line":10,"column":37}}],"line":10},"2":{"loc":{"start":{"line":19,"column":6},"end":{"line":78,"column":9}},"type":"if","locations":[{"start":{"line":19,"column":6},"end":{"line":78,"column":9}},{"start":{"line":19,"column":6},"end":{"line":78,"column":9}}],"line":19},"3":{"loc":{"start":{"line":28,"column":9},"end":{"line":78,"column":8}},"type":"if","locations":[{"start":{"line":28,"column":9},"end":{"line":78,"column":8}},{"start":{"line":28,"column":9},"end":{"line":78,"column":8}}],"line":28},"4":{"loc":{"start":{"line":36,"column":12},"end":{"line":78,"column":7}},"type":"if","locations":[{"start":{"line":36,"column":12},"end":{"line":78,"column":7}},{"start":{"line":36,"column":12},"end":{"line":78,"column":7}}],"line":36},"5":{"loc":{"start":{"line":36,"column":15},"end":{"line":36,"column":52}},"type":"binary-expr","locations":[{"start":{"line":36,"column":15},"end":{"line":36,"column":28}},{"start":{"line":36,"column":32},"end":{"line":36,"column":52}}],"line":36},"6":{"loc":{"start":{"line":44,"column":12},"end":{"line":76,"column":5}},"type":"if","locations":[{"start":{"line":44,"column":12},"end":{"line":76,"column":5}},{"start":{"line":44,"column":12},"end":{"line":76,"column":5}}],"line":44},"7":{"loc":{"start":{"line":44,"column":15},"end":{"line":44,"column":57}},"type":"binary-expr","locations":[{"start":{"line":44,"column":15},"end":{"line":44,"column":28}},{"start":{"line":44,"column":32},"end":{"line":44,"column":57}}],"line":44},"8":{"loc":{"start":{"line":52,"column":12},"end":{"line":76,"column":4}},"type":"if","locations":[{"start":{"line":52,"column":12},"end":{"line":76,"column":4}},{"start":{"line":52,"column":12},"end":{"line":76,"column":4}}],"line":52},"9":{"loc":{"start":{"line":52,"column":15},"end":{"line":52,"column":53}},"type":"binary-expr","locations":[{"start":{"line":52,"column":15},"end":{"line":52,"column":28}},{"start":{"line":52,"column":32},"end":{"line":52,"column":53}}],"line":52},"10":{"loc":{"start":{"line":60,"column":12},"end":{"line":75,"column":7}},"type":"if","locations":[{"start":{"line":60,"column":12},"end":{"line":75,"column":7}},{"start":{"line":60,"column":12},"end":{"line":75,"column":7}}],"line":60}},"s":{"0":1,"1":0,"2":0,"3":0,"4":0,"5":0,"6":0,"7":0,"8":0,"9":0,"10":0,"11":0,"12":0,"13":0,"14":0,"15":0,"16":0,"17":0,"18":0,"19":0,"20":0,"21":0,"22":0,"23":0,"24":0,"25":0,"26":0,"27":0,"28":0,"29":0,"30":0,"31":0,"32":0,"33":0,"34":0,"35":0,"36":0,"37":0,"38":0,"39":0},"f":{"0":0,"1":0,"2":0,"3":0,"4":0,"5":0,"6":0,"7":0,"8":0,"9":0,"10":0,"11":0,"12":0,"13":0,"14":0,"15":0,"16":0},"b":{"0":[0,0],"1":[0,0],"2":[0,0],"3":[0,0],"4":[0,0],"5":[0,0],"6":[0,0],"7":[0,0],"8":[0,0],"9":[0,0],"10":[0,0]},"_coverageSchema":"332fd63041d2c1bcb487cc26dd0d5f7d97098a6c","hash":"f6a527df7e68c97a684b537ed3da5f716b037469"},"F:\\ReactJS\\Code-ToTrainee\\wanderlust-react-ui\\src\\actions\\index.js":{"path":"F:\\ReactJS\\Code-ToTrainee\\wanderlust-react-ui\\src\\actions\\index.js","statementMap":{"0":{"start":{"line":5,"column":29},"end":{"line":19,"column":1}},"1":{"start":{"line":6,"column":4},"end":{"line":18,"column":5}},"2":{"start":{"line":7,"column":8},"end":{"line":17,"column":10}},"3":{"start":{"line":8,"column":12},"end":{"line":11,"column":14}},"4":{"start":{"line":13,"column":12},"end":{"line":16,"column":10}},"5":{"start":{"line":20,"column":27},"end":{"line":34,"column":1}},"6":{"start":{"line":21,"column":4},"end":{"line":33,"column":5}},"7":{"start":{"line":22,"column":8},"end":{"line":32,"column":10}},"8":{"start":{"line":23,"column":12},"end":{"line":26,"column":14}},"9":{"start":{"line":28,"column":12},"end":{"line":31,"column":10}},"10":{"start":{"line":38,"column":25},"end":{"line":53,"column":1}},"11":{"start":{"line":39,"column":4},"end":{"line":52,"column":5}},"12":{"start":{"line":40,"column":8},"end":{"line":51,"column":10}},"13":{"start":{"line":41,"column":12},"end":{"line":44,"column":14}},"14":{"start":{"line":46,"column":12},"end":{"line":50,"column":10}},"15":{"start":{"line":55,"column":25},"end":{"line":69,"column":1}},"16":{"start":{"line":56,"column":4},"end":{"line":68,"column":5}},"17":{"start":{"line":57,"column":8},"end":{"line":67,"column":10}},"18":{"start":{"line":58,"column":12},"end":{"line":61,"column":14}},"19":{"start":{"line":63,"column":12},"end":{"line":66,"column":10}},"20":{"start":{"line":76,"column":32},"end":{"line":91,"column":1}},"21":{"start":{"line":77,"column":4},"end":{"line":90,"column":5}},"22":{"start":{"line":78,"column":8},"end":{"line":89,"column":10}},"23":{"start":{"line":79,"column":12},"end":{"line":82,"column":14}},"24":{"start":{"line":84,"column":12},"end":{"line":88,"column":10}},"25":{"start":{"line":95,"column":26},"end":{"line":110,"column":1}},"26":{"start":{"line":96,"column":4},"end":{"line":109,"column":5}},"27":{"start":{"line":97,"column":8},"end":{"line":108,"column":10}},"28":{"start":{"line":98,"column":12},"end":{"line":101,"column":14}},"29":{"start":{"line":103,"column":12},"end":{"line":107,"column":10}},"30":{"start":{"line":113,"column":27},"end":{"line":128,"column":1}},"31":{"start":{"line":114,"column":4},"end":{"line":127,"column":5}},"32":{"start":{"line":115,"column":8},"end":{"line":126,"column":10}},"33":{"start":{"line":116,"column":12},"end":{"line":119,"column":14}},"34":{"start":{"line":121,"column":12},"end":{"line":125,"column":10}},"35":{"start":{"line":130,"column":23},"end":{"line":145,"column":1}},"36":{"start":{"line":131,"column":4},"end":{"line":144,"column":5}},"37":{"start":{"line":132,"column":8},"end":{"line":143,"column":10}},"38":{"start":{"line":133,"column":12},"end":{"line":136,"column":14}},"39":{"start":{"line":138,"column":12},"end":{"line":142,"column":10}},"40":{"start":{"line":149,"column":22},"end":{"line":153,"column":1}},"41":{"start":{"line":150,"column":4},"end":{"line":152,"column":6}},"42":{"start":{"line":155,"column":27},"end":{"line":161,"column":1}},"43":{"start":{"line":156,"column":4},"end":{"line":160,"column":5}}},"fnMap":{"0":{"name":"(anonymous_0)","decl":{"start":{"line":5,"column":29},"end":{"line":5,"column":30}},"loc":{"start":{"line":5,"column":39},"end":{"line":19,"column":1}},"line":5},"1":{"name":"(anonymous_1)","decl":{"start":{"line":6,"column":11},"end":{"line":6,"column":12}},"loc":{"start":{"line":6,"column":29},"end":{"line":18,"column":5}},"line":6},"2":{"name":"(anonymous_2)","decl":{"start":{"line":7,"column":57},"end":{"line":7,"column":58}},"loc":{"start":{"line":7,"column":66},"end":{"line":12,"column":9}},"line":7},"3":{"name":"(anonymous_3)","decl":{"start":{"line":12,"column":17},"end":{"line":12,"column":18}},"loc":{"start":{"line":12,"column":26},"end":{"line":17,"column":9}},"line":12},"4":{"name":"(anonymous_4)","decl":{"start":{"line":20,"column":27},"end":{"line":20,"column":28}},"loc":{"start":{"line":20,"column":47},"end":{"line":34,"column":1}},"line":20},"5":{"name":"(anonymous_5)","decl":{"start":{"line":21,"column":11},"end":{"line":21,"column":12}},"loc":{"start":{"line":21,"column":29},"end":{"line":33,"column":5}},"line":21},"6":{"name":"(anonymous_6)","decl":{"start":{"line":22,"column":52},"end":{"line":22,"column":53}},"loc":{"start":{"line":22,"column":61},"end":{"line":27,"column":9}},"line":22},"7":{"name":"(anonymous_7)","decl":{"start":{"line":27,"column":17},"end":{"line":27,"column":18}},"loc":{"start":{"line":27,"column":26},"end":{"line":32,"column":9}},"line":27},"8":{"name":"(anonymous_8)","decl":{"start":{"line":38,"column":25},"end":{"line":38,"column":26}},"loc":{"start":{"line":38,"column":37},"end":{"line":53,"column":1}},"line":38},"9":{"name":"(anonymous_9)","decl":{"start":{"line":39,"column":11},"end":{"line":39,"column":12}},"loc":{"start":{"line":39,"column":29},"end":{"line":52,"column":5}},"line":39},"10":{"name":"(anonymous_10)","decl":{"start":{"line":40,"column":60},"end":{"line":40,"column":61}},"loc":{"start":{"line":40,"column":69},"end":{"line":45,"column":9}},"line":40},"11":{"name":"(anonymous_11)","decl":{"start":{"line":45,"column":17},"end":{"line":45,"column":18}},"loc":{"start":{"line":45,"column":26},"end":{"line":51,"column":9}},"line":45},"12":{"name":"(anonymous_12)","decl":{"start":{"line":55,"column":25},"end":{"line":55,"column":26}},"loc":{"start":{"line":55,"column":29},"end":{"line":69,"column":1}},"line":55},"13":{"name":"(anonymous_13)","decl":{"start":{"line":56,"column":11},"end":{"line":56,"column":12}},"loc":{"start":{"line":56,"column":29},"end":{"line":68,"column":5}},"line":56},"14":{"name":"(anonymous_14)","decl":{"start":{"line":57,"column":49},"end":{"line":57,"column":50}},"loc":{"start":{"line":57,"column":58},"end":{"line":62,"column":9}},"line":57},"15":{"name":"(anonymous_15)","decl":{"start":{"line":62,"column":17},"end":{"line":62,"column":18}},"loc":{"start":{"line":62,"column":26},"end":{"line":67,"column":9}},"line":62},"16":{"name":"(anonymous_16)","decl":{"start":{"line":76,"column":32},"end":{"line":76,"column":33}},"loc":{"start":{"line":76,"column":36},"end":{"line":91,"column":1}},"line":76},"17":{"name":"(anonymous_17)","decl":{"start":{"line":77,"column":11},"end":{"line":77,"column":12}},"loc":{"start":{"line":77,"column":29},"end":{"line":90,"column":5}},"line":77},"18":{"name":"(anonymous_18)","decl":{"start":{"line":78,"column":54},"end":{"line":78,"column":55}},"loc":{"start":{"line":78,"column":63},"end":{"line":83,"column":9}},"line":78},"19":{"name":"(anonymous_19)","decl":{"start":{"line":83,"column":17},"end":{"line":83,"column":18}},"loc":{"start":{"line":83,"column":26},"end":{"line":89,"column":9}},"line":83},"20":{"name":"(anonymous_20)","decl":{"start":{"line":95,"column":26},"end":{"line":95,"column":27}},"loc":{"start":{"line":95,"column":39},"end":{"line":110,"column":1}},"line":95},"21":{"name":"(anonymous_21)","decl":{"start":{"line":96,"column":11},"end":{"line":96,"column":12}},"loc":{"start":{"line":96,"column":29},"end":{"line":109,"column":5}},"line":96},"22":{"name":"(anonymous_22)","decl":{"start":{"line":97,"column":62},"end":{"line":97,"column":63}},"loc":{"start":{"line":97,"column":71},"end":{"line":102,"column":9}},"line":97},"23":{"name":"(anonymous_23)","decl":{"start":{"line":102,"column":17},"end":{"line":102,"column":18}},"loc":{"start":{"line":102,"column":26},"end":{"line":108,"column":9}},"line":102},"24":{"name":"(anonymous_24)","decl":{"start":{"line":113,"column":27},"end":{"line":113,"column":28}},"loc":{"start":{"line":113,"column":40},"end":{"line":128,"column":1}},"line":113},"25":{"name":"(anonymous_25)","decl":{"start":{"line":114,"column":11},"end":{"line":114,"column":12}},"loc":{"start":{"line":114,"column":29},"end":{"line":127,"column":5}},"line":114},"26":{"name":"(anonymous_26)","decl":{"start":{"line":115,"column":55},"end":{"line":115,"column":56}},"loc":{"start":{"line":115,"column":64},"end":{"line":120,"column":9}},"line":115},"27":{"name":"(anonymous_27)","decl":{"start":{"line":120,"column":17},"end":{"line":120,"column":18}},"loc":{"start":{"line":120,"column":26},"end":{"line":126,"column":9}},"line":120},"28":{"name":"(anonymous_28)","decl":{"start":{"line":130,"column":23},"end":{"line":130,"column":24}},"loc":{"start":{"line":130,"column":37},"end":{"line":145,"column":1}},"line":130},"29":{"name":"(anonymous_29)","decl":{"start":{"line":131,"column":11},"end":{"line":131,"column":12}},"loc":{"start":{"line":131,"column":29},"end":{"line":144,"column":5}},"line":131},"30":{"name":"(anonymous_30)","decl":{"start":{"line":132,"column":55},"end":{"line":132,"column":56}},"loc":{"start":{"line":132,"column":64},"end":{"line":137,"column":9}},"line":132},"31":{"name":"(anonymous_31)","decl":{"start":{"line":137,"column":17},"end":{"line":137,"column":18}},"loc":{"start":{"line":137,"column":26},"end":{"line":143,"column":9}},"line":137},"32":{"name":"(anonymous_32)","decl":{"start":{"line":149,"column":22},"end":{"line":149,"column":23}},"loc":{"start":{"line":149,"column":28},"end":{"line":153,"column":1}},"line":149},"33":{"name":"(anonymous_33)","decl":{"start":{"line":155,"column":27},"end":{"line":155,"column":28}},"loc":{"start":{"line":155,"column":41},"end":{"line":161,"column":1}},"line":155}},"branchMap":{},"s":{"0":1,"1":0,"2":0,"3":0,"4":0,"5":1,"6":0,"7":0,"8":0,"9":0,"10":1,"11":0,"12":0,"13":0,"14":0,"15":1,"16":0,"17":0,"18":0,"19":0,"20":1,"21":0,"22":0,"23":0,"24":0,"25":1,"26":0,"27":0,"28":0,"29":0,"30":1,"31":0,"32":0,"33":0,"34":0,"35":1,"36":0,"37":0,"38":0,"39":0,"40":1,"41":0,"42":1,"43":0},"f":{"0":0,"1":0,"2":0,"3":0,"4":0,"5":0,"6":0,"7":0,"8":0,"9":0,"10":0,"11":0,"12":0,"13":0,"14":0,"15":0,"16":0,"17":0,"18":0,"19":0,"20":0,"21":0,"22":0,"23":0,"24":0,"25":0,"26":0,"27":0,"28":0,"29":0,"30":0,"31":0,"32":0,"33":0},"b":{},"_coverageSchema":"332fd63041d2c1bcb487cc26dd0d5f7d97098a6c","hash":"68dfa4a01b0733e3e4810e09abec44e546c78809"},"F:\\ReactJS\\Code-ToTrainee\\wanderlust-react-ui\\src\\actions\\type.js":{"path":"F:\\ReactJS\\Code-ToTrainee\\wanderlust-react-ui\\src\\actions\\type.js","statementMap":{"0":{"start":{"line":1,"column":28},"end":{"line":1,"column":42}},"1":{"start":{"line":2,"column":27},"end":{"line":2,"column":40}},"2":{"start":{"line":3,"column":27},"end":{"line":3,"column":40}},"3":{"start":{"line":4,"column":23},"end":{"line":4,"column":32}},"4":{"start":{"line":5,"column":26},"end":{"line":5,"column":38}},"5":{"start":{"line":6,"column":29},"end":{"line":6,"column":44}},"6":{"start":{"line":7,"column":25},"end":{"line":7,"column":36}},"7":{"start":{"line":8,"column":31},"end":{"line":8,"column":48}},"8":{"start":{"line":9,"column":26},"end":{"line":9,"column":40}},"9":{"start":{"line":10,"column":26},"end":{"line":10,"column":40}},"10":{"start":{"line":11,"column":26},"end":{"line":11,"column":40}},"11":{"start":{"line":12,"column":28},"end":{"line":12,"column":44}}},"fnMap":{},"branchMap":{},"s":{"0":1,"1":1,"2":1,"3":1,"4":1,"5":1,"6":1,"7":1,"8":1,"9":1,"10":1,"11":1},"f":{},"b":{},"_coverageSchema":"332fd63041d2c1bcb487cc26dd0d5f7d97098a6c","hash":"235ffd23d3b2f21c017c35c746e132a1e8b9186b"},"F:\\ReactJS\\Code-ToTrainee\\wanderlust-react-ui\\src\\components\\Primecomponent\\GenPrint.js":{"path":"F:\\ReactJS\\Code-ToTrainee\\wanderlust-react-ui\\src\\components\\Primecomponent\\GenPrint.js","statementMap":{"0":{"start":{"line":6,"column":2},"end":{"line":6,"column":14}},"1":{"start":{"line":10,"column":2},"end":{"line":10,"column":16}},"2":{"start":{"line":11,"column":2},"end":{"line":11,"column":38}},"3":{"start":{"line":11,"column":18},"end":{"line":11,"column":32}},"4":{"start":{"line":15,"column":2},"end":{"line":19,"column":3}}},"fnMap":{"0":{"name":"(anonymous_0)","decl":{"start":{"line":5,"column":1},"end":{"line":5,"column":2}},"loc":{"start":{"line":5,"column":19},"end":{"line":7,"column":2}},"line":5},"1":{"name":"(anonymous_1)","decl":{"start":{"line":9,"column":1},"end":{"line":9,"column":2}},"loc":{"start":{"line":9,"column":21},"end":{"line":12,"column":2}},"line":9},"2":{"name":"(anonymous_2)","decl":{"start":{"line":11,"column":13},"end":{"line":11,"column":14}},"loc":{"start":{"line":11,"column":18},"end":{"line":11,"column":32}},"line":11},"3":{"name":"(anonymous_3)","decl":{"start":{"line":14,"column":1},"end":{"line":14,"column":2}},"loc":{"start":{"line":14,"column":10},"end":{"line":20,"column":2}},"line":14}},"branchMap":{},"s":{"0":0,"1":0,"2":0,"3":0,"4":0},"f":{"0":0,"1":0,"2":0,"3":0},"b":{},"_coverageSchema":"332fd63041d2c1bcb487cc26dd0d5f7d97098a6c","hash":"8dea9eb4e8e90ed55e78a6e6ffb3d63912dd5fb5"},"F:\\ReactJS\\Code-ToTrainee\\wanderlust-react-ui\\src\\components\\register.js":{"path":"F:\\ReactJS\\Code-ToTrainee\\wanderlust-react-ui\\src\\components\\register.js","statementMap":{"0":{"start":{"line":34,"column":4},"end":{"line":40,"column":16}},"1":{"start":{"line":35,"column":51},"end":{"line":35,"column":61}},"2":{"start":{"line":37,"column":8},"end":{"line":40,"column":11}},"3":{"start":{"line":44,"column":23},"end":{"line":44,"column":35}},"4":{"start":{"line":45,"column":22},"end":{"line":45,"column":34}},"5":{"start":{"line":46,"column":21},"end":{"line":46,"column":32}},"6":{"start":{"line":47,"column":33},"end":{"line":47,"column":43}},"7":{"start":{"line":48,"column":8},"end":{"line":50,"column":11}},"8":{"start":{"line":51,"column":8},"end":{"line":51,"column":40}},"9":{"start":{"line":55,"column":36},"end":{"line":55,"column":71}},"10":{"start":{"line":56,"column":24},"end":{"line":56,"column":52}},"11":{"start":{"line":57,"column":8},"end":{"line":112,"column":9}},"12":{"start":{"line":59,"column":28},"end":{"line":59,"column":51}},"13":{"start":{"line":60,"column":16},"end":{"line":69,"column":17}},"14":{"start":{"line":61,"column":20},"end":{"line":61,"column":79}},"15":{"start":{"line":62,"column":20},"end":{"line":62,"column":43}},"16":{"start":{"line":63,"column":23},"end":{"line":69,"column":17}},"17":{"start":{"line":64,"column":20},"end":{"line":64,"column":80}},"18":{"start":{"line":65,"column":20},"end":{"line":65,"column":43}},"19":{"start":{"line":67,"column":20},"end":{"line":67,"column":57}},"20":{"start":{"line":68,"column":20},"end":{"line":68,"column":42}},"21":{"start":{"line":70,"column":16},"end":{"line":70,"column":22}},"22":{"start":{"line":72,"column":29},"end":{"line":72,"column":67}},"23":{"start":{"line":73,"column":16},"end":{"line":82,"column":17}},"24":{"start":{"line":74,"column":20},"end":{"line":74,"column":81}},"25":{"start":{"line":75,"column":20},"end":{"line":75,"column":44}},"26":{"start":{"line":76,"column":23},"end":{"line":82,"column":17}},"27":{"start":{"line":77,"column":20},"end":{"line":77,"column":82}},"28":{"start":{"line":78,"column":20},"end":{"line":78,"column":44}},"29":{"start":{"line":80,"column":20},"end":{"line":80,"column":58}},"30":{"start":{"line":81,"column":20},"end":{"line":81,"column":43}},"31":{"start":{"line":83,"column":16},"end":{"line":83,"column":22}},"32":{"start":{"line":86,"column":31},"end":{"line":86,"column":45}},"33":{"start":{"line":87,"column":16},"end":{"line":96,"column":17}},"34":{"start":{"line":88,"column":20},"end":{"line":88,"column":94}},"35":{"start":{"line":89,"column":20},"end":{"line":89,"column":48}},"36":{"start":{"line":90,"column":23},"end":{"line":96,"column":17}},"37":{"start":{"line":91,"column":20},"end":{"line":91,"column":110}},"38":{"start":{"line":92,"column":20},"end":{"line":92,"column":48}},"39":{"start":{"line":94,"column":20},"end":{"line":94,"column":62}},"40":{"start":{"line":95,"column":20},"end":{"line":95,"column":47}},"41":{"start":{"line":97,"column":16},"end":{"line":97,"column":22}},"42":{"start":{"line":99,"column":16},"end":{"line":108,"column":17}},"43":{"start":{"line":100,"column":20},"end":{"line":100,"column":83}},"44":{"start":{"line":101,"column":20},"end":{"line":101,"column":47}},"45":{"start":{"line":106,"column":20},"end":{"line":106,"column":61}},"46":{"start":{"line":107,"column":20},"end":{"line":107,"column":46}},"47":{"start":{"line":109,"column":16},"end":{"line":109,"column":22}},"48":{"start":{"line":111,"column":16},"end":{"line":111,"column":22}},"49":{"start":{"line":113,"column":8},"end":{"line":113,"column":107}},"50":{"start":{"line":114,"column":8},"end":{"line":119,"column":11}},"51":{"start":{"line":123,"column":8},"end":{"line":123,"column":31}},"52":{"start":{"line":124,"column":8},"end":{"line":124,"column":56}},"53":{"start":{"line":128,"column":8},"end":{"line":128,"column":48}},"54":{"start":{"line":129,"column":8},"end":{"line":129,"column":43}},"55":{"start":{"line":130,"column":8},"end":{"line":130,"column":76}},"56":{"start":{"line":130,"column":43},"end":{"line":130,"column":76}},"57":{"start":{"line":131,"column":8},"end":{"line":255,"column":9}},"58":{"start":{"line":258,"column":24},"end":{"line":260,"column":4}},"59":{"start":{"line":258,"column":34},"end":{"line":260,"column":3}}},"fnMap":{"0":{"name":"(anonymous_0)","decl":{"start":{"line":33,"column":0},"end":{"line":33,"column":1}},"loc":{"start":{"line":33,"column":19},"end":{"line":41,"column":1}},"line":33},"1":{"name":"(anonymous_1)","decl":{"start":{"line":43,"column":19},"end":{"line":43,"column":20}},"loc":{"start":{"line":43,"column":30},"end":{"line":53,"column":5}},"line":43},"2":{"name":"(anonymous_2)","decl":{"start":{"line":54,"column":20},"end":{"line":54,"column":21}},"loc":{"start":{"line":54,"column":42},"end":{"line":120,"column":5}},"line":54},"3":{"name":"(anonymous_3)","decl":{"start":{"line":122,"column":17},"end":{"line":122,"column":18}},"loc":{"start":{"line":122,"column":26},"end":{"line":125,"column":5}},"line":122},"4":{"name":"(anonymous_4)","decl":{"start":{"line":127,"column":4},"end":{"line":127,"column":5}},"loc":{"start":{"line":127,"column":13},"end":{"line":256,"column":5}},"line":127},"5":{"name":"(anonymous_5)","decl":{"start":{"line":258,"column":24},"end":{"line":258,"column":25}},"loc":{"start":{"line":258,"column":34},"end":{"line":260,"column":3}},"line":258}},"branchMap":{"0":{"loc":{"start":{"line":34,"column":4},"end":{"line":40,"column":16}},"type":"if","locations":[{"start":{"line":34,"column":4},"end":{"line":40,"column":16}},{"start":{"line":34,"column":4},"end":{"line":40,"column":16}}],"line":34},"1":{"loc":{"start":{"line":34,"column":7},"end":{"line":34,"column":52}},"type":"binary-expr","locations":[{"start":{"line":34,"column":7},"end":{"line":34,"column":30}},{"start":{"line":34,"column":32},"end":{"line":34,"column":52}}],"line":34},"2":{"loc":{"start":{"line":57,"column":8},"end":{"line":112,"column":9}},"type":"switch","locations":[{"start":{"line":58,"column":12},"end":{"line":70,"column":22}},{"start":{"line":71,"column":12},"end":{"line":83,"column":22}},{"start":{"line":85,"column":12},"end":{"line":97,"column":22}},{"start":{"line":98,"column":12},"end":{"line":109,"column":22}},{"start":{"line":110,"column":12},"end":{"line":111,"column":22}}],"line":57},"3":{"loc":{"start":{"line":60,"column":16},"end":{"line":69,"column":17}},"type":"if","locations":[{"start":{"line":60,"column":16},"end":{"line":69,"column":17}},{"start":{"line":60,"column":16},"end":{"line":69,"column":17}}],"line":60},"4":{"loc":{"start":{"line":60,"column":20},"end":{"line":60,"column":42}},"type":"binary-expr","locations":[{"start":{"line":60,"column":20},"end":{"line":60,"column":26}},{"start":{"line":60,"column":30},"end":{"line":60,"column":42}}],"line":60},"5":{"loc":{"start":{"line":63,"column":23},"end":{"line":69,"column":17}},"type":"if","locations":[{"start":{"line":63,"column":23},"end":{"line":69,"column":17}},{"start":{"line":63,"column":23},"end":{"line":69,"column":17}}],"line":63},"6":{"loc":{"start":{"line":73,"column":16},"end":{"line":82,"column":17}},"type":"if","locations":[{"start":{"line":73,"column":16},"end":{"line":82,"column":17}},{"start":{"line":73,"column":16},"end":{"line":82,"column":17}}],"line":73},"7":{"loc":{"start":{"line":73,"column":20},"end":{"line":73,"column":42}},"type":"binary-expr","locations":[{"start":{"line":73,"column":20},"end":{"line":73,"column":26}},{"start":{"line":73,"column":30},"end":{"line":73,"column":42}}],"line":73},"8":{"loc":{"start":{"line":76,"column":23},"end":{"line":82,"column":17}},"type":"if","locations":[{"start":{"line":76,"column":23},"end":{"line":82,"column":17}},{"start":{"line":76,"column":23},"end":{"line":82,"column":17}}],"line":76},"9":{"loc":{"start":{"line":87,"column":16},"end":{"line":96,"column":17}},"type":"if","locations":[{"start":{"line":87,"column":16},"end":{"line":96,"column":17}},{"start":{"line":87,"column":16},"end":{"line":96,"column":17}}],"line":87},"10":{"loc":{"start":{"line":87,"column":20},"end":{"line":87,"column":42}},"type":"binary-expr","locations":[{"start":{"line":87,"column":20},"end":{"line":87,"column":26}},{"start":{"line":87,"column":30},"end":{"line":87,"column":42}}],"line":87},"11":{"loc":{"start":{"line":90,"column":23},"end":{"line":96,"column":17}},"type":"if","locations":[{"start":{"line":90,"column":23},"end":{"line":96,"column":17}},{"start":{"line":90,"column":23},"end":{"line":96,"column":17}}],"line":90},"12":{"loc":{"start":{"line":99,"column":16},"end":{"line":108,"column":17}},"type":"if","locations":[{"start":{"line":99,"column":16},"end":{"line":108,"column":17}},{"start":{"line":99,"column":16},"end":{"line":108,"column":17}}],"line":99},"13":{"loc":{"start":{"line":99,"column":20},"end":{"line":99,"column":42}},"type":"binary-expr","locations":[{"start":{"line":99,"column":20},"end":{"line":99,"column":26}},{"start":{"line":99,"column":30},"end":{"line":99,"column":42}}],"line":99},"14":{"loc":{"start":{"line":113,"column":33},"end":{"line":113,"column":107}},"type":"binary-expr","locations":[{"start":{"line":113,"column":33},"end":{"line":113,"column":52}},{"start":{"line":113,"column":56},"end":{"line":113,"column":74}},{"start":{"line":113,"column":76},"end":{"line":113,"column":91}},{"start":{"line":113,"column":93},"end":{"line":113,"column":107}}],"line":113},"15":{"loc":{"start":{"line":130,"column":8},"end":{"line":130,"column":76}},"type":"if","locations":[{"start":{"line":130,"column":8},"end":{"line":130,"column":76}},{"start":{"line":130,"column":8},"end":{"line":130,"column":76}}],"line":130},"16":{"loc":{"start":{"line":139,"column":31},"end":{"line":158,"column":42}},"type":"cond-expr","locations":[{"start":{"line":139,"column":54},"end":{"line":148,"column":42}},{"start":{"line":148,"column":43},"end":{"line":158,"column":42}}],"line":139},"17":{"loc":{"start":{"line":159,"column":37},"end":{"line":162,"column":46}},"type":"cond-expr","locations":[{"start":{"line":159,"column":86},"end":{"line":161,"column":43}},{"start":{"line":162,"column":42},"end":{"line":162,"column":46}}],"line":159},"18":{"loc":{"start":{"line":164,"column":36},"end":{"line":183,"column":42}},"type":"cond-expr","locations":[{"start":{"line":164,"column":61},"end":{"line":173,"column":42}},{"start":{"line":173,"column":43},"end":{"line":183,"column":42}}],"line":164},"19":{"loc":{"start":{"line":184,"column":37},"end":{"line":187,"column":46}},"type":"cond-expr","locations":[{"start":{"line":184,"column":87},"end":{"line":186,"column":43}},{"start":{"line":187,"column":42},"end":{"line":187,"column":46}}],"line":184},"20":{"loc":{"start":{"line":200,"column":37},"end":{"line":203,"column":46}},"type":"cond-expr","locations":[{"start":{"line":200,"column":91},"end":{"line":202,"column":43}},{"start":{"line":203,"column":42},"end":{"line":203,"column":46}}],"line":200},"21":{"loc":{"start":{"line":216,"column":37},"end":{"line":219,"column":46}},"type":"cond-expr","locations":[{"start":{"line":216,"column":90},"end":{"line":218,"column":43}},{"start":{"line":219,"column":42},"end":{"line":219,"column":46}}],"line":216},"22":{"loc":{"start":{"line":240,"column":37},"end":{"line":241,"column":87}},"type":"cond-expr","locations":[{"start":{"line":240,"column":71},"end":{"line":241,"column":84}},{"start":{"line":241,"column":85},"end":{"line":241,"column":87}}],"line":240}},"s":{"0":0,"1":0,"2":0,"3":0,"4":0,"5":0,"6":0,"7":0,"8":0,"9":0,"10":0,"11":0,"12":0,"13":0,"14":0,"15":0,"16":0,"17":0,"18":0,"19":0,"20":0,"21":0,"22":0,"23":0,"24":0,"25":0,"26":0,"27":0,"28":0,"29":0,"30":0,"31":0,"32":0,"33":0,"34":0,"35":0,"36":0,"37":0,"38":0,"39":0,"40":0,"41":0,"42":0,"43":0,"44":0,"45":0,"46":0,"47":0,"48":0,"49":0,"50":0,"51":0,"52":0,"53":0,"54":0,"55":0,"56":0,"57":0,"58":1,"59":0},"f":{"0":0,"1":0,"2":0,"3":0,"4":0,"5":0},"b":{"0":[0,0],"1":[0,0],"2":[0,0,0,0,0],"3":[0,0],"4":[0,0],"5":[0,0],"6":[0,0],"7":[0,0],"8":[0,0],"9":[0,0],"10":[0,0],"11":[0,0],"12":[0,0],"13":[0,0],"14":[0,0,0,0],"15":[0,0],"16":[0,0],"17":[0,0],"18":[0,0],"19":[0,0],"20":[0,0],"21":[0,0],"22":[0,0]},"_coverageSchema":"332fd63041d2c1bcb487cc26dd0d5f7d97098a6c","hash":"1431c8125847b58f24ad5da4522bdecb3088676f"},"F:\\ReactJS\\Code-ToTrainee\\wanderlust-react-ui\\src\\registerServiceWorker.js":{"path":"F:\\ReactJS\\Code-ToTrainee\\wanderlust-react-ui\\src\\registerServiceWorker.js","statementMap":{"0":{"start":{"line":11,"column":20},"end":{"line":11,"column":0}},"1":{"start":{"line":22,"column":2},"end":{"line":52,"column":3}},"2":{"start":{"line":24,"column":22},"end":{"line":24,"column":4}},"3":{"start":{"line":25,"column":4},"end":{"line":30,"column":5}},"4":{"start":{"line":29,"column":6},"end":{"line":null,"column":-1}},"5":{"start":{"line":32,"column":4},"end":{"line":null,"column":-1}},"6":{"start":{"line":33,"column":21},"end":{"line":33,"column":6}},"7":{"start":{"line":35,"column":6},"end":{"line":50,"column":7}},"8":{"start":{"line":37,"column":8},"end":{"line":35,"column":23}},"9":{"start":{"line":41,"column":8},"end":{"line":null,"column":-1}},"10":{"start":{"line":42,"column":10},"end":{"line":null,"column":-1}},"11":{"start":{"line":49,"column":8},"end":{"line":null,"column":-1}},"12":{"start":{"line":56,"column":2},"end":{"line":null,"column":-1}},"13":{"start":{"line":59,"column":6},"end":{"line":null,"column":-1}},"14":{"start":{"line":60,"column":33},"end":{"line":60,"column":8}},"15":{"start":{"line":61,"column":8},"end":{"line":null,"column":-1}},"16":{"start":{"line":62,"column":10},"end":{"line":75,"column":11}},"17":{"start":{"line":63,"column":12},"end":{"line":74,"column":13}},"18":{"start":{"line":68,"column":14},"end":{"line":null,"column":-1}},"19":{"start":{"line":73,"column":14},"end":{"line":null,"column":-1}},"20":{"start":{"line":80,"column":6},"end":{"line":null,"column":-1}},"21":{"start":{"line":86,"column":2},"end":{"line":null,"column":-1}},"22":{"start":{"line":89,"column":6},"end":{"line":102,"column":7}},"23":{"start":{"line":94,"column":8},"end":{"line":null,"column":-1}},"24":{"start":{"line":95,"column":10},"end":{"line":null,"column":-1}},"25":{"start":{"line":96,"column":12},"end":{"line":null,"column":-1}},"26":{"start":{"line":101,"column":8},"end":{"line":null,"column":-1}},"27":{"start":{"line":105,"column":6},"end":{"line":null,"column":-1}},"28":{"start":{"line":112,"column":2},"end":{"line":116,"column":3}},"29":{"start":{"line":113,"column":4},"end":{"line":null,"column":-1}},"30":{"start":{"line":114,"column":6},"end":{"line":null,"column":-1}}},"fnMap":{"0":{"name":"register","decl":{"start":{"line":21,"column":24},"end":{"line":21,"column":15}},"loc":{"start":{"line":21,"column":35},"end":{"line":53,"column":1}}},"1":{"name":"(anonymous_1)","decl":{"start":{"line":32,"column":36},"end":{"line":32,"column":41}},"loc":{"start":{"line":32,"column":42},"end":{"line":32,"column":4}}},"2":{"name":"(anonymous_2)","decl":{"start":{"line":41,"column":43},"end":{"line":41,"column":48}},"loc":{"start":{"line":41,"column":49},"end":{"line":41,"column":8}}},"3":{"name":"registerValidSW","decl":{"start":{"line":55,"column":9},"end":{"line":55,"column":0}},"loc":{"start":{"line":55,"column":32},"end":{"line":82,"column":1}}},"4":{"name":"(anonymous_4)","decl":{"start":{"line":58,"column":10},"end":{"line":58,"column":21}},"loc":{"start":{"line":58,"column":26},"end":{"line":56,"column":2}}},"5":{"name":"(anonymous_5)","decl":{"start":{"line":59,"column":35},"end":{"line":59,"column":40}},"loc":{"start":{"line":59,"column":41},"end":{"line":59,"column":6}}},"6":{"name":"(anonymous_6)","decl":{"start":{"line":61,"column":41},"end":{"line":61,"column":46}},"loc":{"start":{"line":61,"column":47},"end":{"line":61,"column":8}}},"7":{"name":"(anonymous_7)","decl":{"start":{"line":79,"column":11},"end":{"line":79,"column":15}},"loc":{"start":{"line":79,"column":20},"end":{"line":56,"column":2}}},"8":{"name":"checkValidServiceWorker","decl":{"start":{"line":84,"column":9},"end":{"line":84,"column":0}},"loc":{"start":{"line":84,"column":40},"end":{"line":109,"column":1}}},"9":{"name":"(anonymous_9)","decl":{"start":{"line":87,"column":10},"end":{"line":87,"column":17}},"loc":{"start":{"line":87,"column":22},"end":{"line":86,"column":2}}},"10":{"name":"(anonymous_10)","decl":{"start":{"line":94,"column":43},"end":{"line":94,"column":54}},"loc":{"start":{"line":94,"column":59},"end":{"line":94,"column":8}}},"11":{"name":"(anonymous_11)","decl":{"start":{"line":95,"column":41},"end":{"line":95,"column":46}},"loc":{"start":{"line":95,"column":47},"end":{"line":95,"column":10}}},"12":{"name":"(anonymous_12)","decl":{"start":{"line":104,"column":11},"end":{"line":104,"column":16}},"loc":{"start":{"line":104,"column":17},"end":{"line":86,"column":2}}},"13":{"name":"unregister","decl":{"start":{"line":111,"column":16},"end":{"line":111,"column":7}},"loc":{"start":{"line":111,"column":29},"end":{"line":117,"column":1}}},"14":{"name":"(anonymous_14)","decl":{"start":{"line":113,"column":39},"end":{"line":113,"column":50}},"loc":{"start":{"line":113,"column":55},"end":{"line":113,"column":4}}}},"branchMap":{"0":{"loc":{"start":{"line":12,"column":2},"end":{"line":12,"column":1}},"type":"binary-expr","locations":[{"start":{"line":12,"column":2},"end":{"line":12,"column":1}},{"start":{"line":14,"column":4},"end":{"line":12,"column":2}},{"start":{"line":16,"column":4},"end":{"line":11,"column":27}}]},"1":{"loc":{"start":{"line":22,"column":2},"end":{"line":52,"column":3}},"type":"if","locations":[{"start":{"line":22,"column":2},"end":{"line":52,"column":3}},{"start":{"line":22,"column":2},"end":{"line":52,"column":3}}]},"2":{"loc":{"start":{"line":22,"column":6},"end":{"line":22,"column":5}},"type":"binary-expr","locations":[{"start":{"line":22,"column":6},"end":{"line":22,"column":5}},{"start":{"line":22,"column":47},"end":{"line":22,"column":2}}]},"3":{"loc":{"start":{"line":25,"column":4},"end":{"line":30,"column":5}},"type":"if","locations":[{"start":{"line":25,"column":4},"end":{"line":30,"column":5}},{"start":{"line":25,"column":4},"end":{"line":30,"column":5}}]},"4":{"loc":{"start":{"line":35,"column":6},"end":{"line":50,"column":7}},"type":"if","locations":[{"start":{"line":35,"column":6},"end":{"line":50,"column":7}},{"start":{"line":35,"column":6},"end":{"line":50,"column":7}}]},"5":{"loc":{"start":{"line":62,"column":10},"end":{"line":75,"column":11}},"type":"if","locations":[{"start":{"line":62,"column":10},"end":{"line":75,"column":11}},{"start":{"line":62,"column":10},"end":{"line":75,"column":11}}]},"6":{"loc":{"start":{"line":63,"column":12},"end":{"line":74,"column":13}},"type":"if","locations":[{"start":{"line":63,"column":12},"end":{"line":74,"column":13}},{"start":{"line":63,"column":12},"end":{"line":74,"column":13}}]},"7":{"loc":{"start":{"line":89,"column":6},"end":{"line":102,"column":7}},"type":"if","locations":[{"start":{"line":89,"column":6},"end":{"line":102,"column":7}},{"start":{"line":89,"column":6},"end":{"line":102,"column":7}}]},"8":{"loc":{"start":{"line":90,"column":8},"end":{"line":90,"column":7}},"type":"binary-expr","locations":[{"start":{"line":90,"column":8},"end":{"line":90,"column":7}},{"start":{"line":91,"column":8},"end":{"line":89,"column":6}}]},"9":{"loc":{"start":{"line":112,"column":2},"end":{"line":116,"column":3}},"type":"if","locations":[{"start":{"line":112,"column":2},"end":{"line":116,"column":3}},{"start":{"line":112,"column":2},"end":{"line":116,"column":3}}]}},"s":{"0":0,"1":0,"2":0,"3":0,"4":0,"5":0,"6":0,"7":0,"8":0,"9":0,"10":0,"11":0,"12":0,"13":0,"14":0,"15":0,"16":0,"17":0,"18":0,"19":0,"20":0,"21":0,"22":0,"23":0,"24":0,"25":0,"26":0,"27":0,"28":0,"29":0,"30":0},"f":{"0":0,"1":0,"2":0,"3":0,"4":0,"5":0,"6":0,"7":0,"8":0,"9":0,"10":0,"11":0,"12":0,"13":0,"14":0},"b":{"0":[0,0,0],"1":[0,0],"2":[0,0],"3":[0,0],"4":[0,0],"5":[0,0],"6":[0,0],"7":[0,0],"8":[0,0],"9":[0,0]}},"F:\\ReactJS\\Code-ToTrainee\\wanderlust-react-ui\\src\\App.js":{"path":"F:\\ReactJS\\Code-ToTrainee\\wanderlust-react-ui\\src\\App.js","statementMap":{"0":{"start":{"line":1,"column":0},"end":{"line":null,"column":-1}},"1":{"start":{"line":2,"column":0},"end":{"line":null,"column":-1}},"2":{"start":{"line":3,"column":0},"end":{"line":null,"column":-1}},"3":{"start":{"line":5,"column":0},"end":{"line":null,"column":-1}},"4":{"start":{"line":6,"column":0},"end":{"line":null,"column":-1}},"5":{"start":{"line":8,"column":0},"end":{"line":null,"column":-1}},"6":{"start":{"line":9,"column":0},"end":{"line":null,"column":-1}},"7":{"start":{"line":10,"column":0},"end":{"line":null,"column":-1}},"8":{"start":{"line":11,"column":0},"end":{"line":null,"column":-1}},"9":{"start":{"line":18,"column":4},"end":{"line":null,"column":-1}},"10":{"start":{"line":17,"column":21},"end":{"line":null,"column":-1}},"11":{"start":{"line":28,"column":4},"end":{"line":null,"column":-1}},"12":{"start":{"line":35,"column":4},"end":{"line":null,"column":-1}},"13":{"start":{"line":39,"column":4},"end":{"line":null,"column":-1}},"14":{"start":{"line":40,"column":4},"end":{"line":null,"column":-1}},"15":{"start":{"line":41,"column":4},"end":{"line":null,"column":-1}},"16":{"start":{"line":42,"column":4},"end":{"line":38,"column":17}},"17":{"start":{"line":47,"column":4},"end":{"line":null,"column":-1}},"18":{"start":{"line":19,"column":4},"end":{"line":null,"column":-1}},"19":{"start":{"line":31,"column":2},"end":{"line":null,"column":-1}},"20":{"start":{"line":52,"column":6},"end":{"line":51,"column":4}},"21":{"start":{"line":60,"column":4},"end":{"line":null,"column":-1}},"22":{"start":{"line":123,"column":24},"end":{"line":123,"column":0}},"23":{"start":{"line":123,"column":34},"end":{"line":123,"column":29}}},"fnMap":{"0":{"name":"(anonymous_0)","decl":{"start":{"line":17,"column":2},"end":{"line":17,"column":12}},"loc":{"start":{"line":17,"column":21},"end":{"line":25,"column":3}}},"1":{"name":"(anonymous_1)","decl":{"start":{"line":27,"column":13},"end":{"line":27,"column":11}},"loc":{"start":{"line":27,"column":23},"end":{"line":17,"column":21}}},"2":{"name":"(anonymous_2)","decl":{"start":{"line":34,"column":12},"end":{"line":34,"column":10}},"loc":{"start":{"line":34,"column":22},"end":{"line":17,"column":21}}},"3":{"name":"(anonymous_3)","decl":{"start":{"line":38,"column":11},"end":{"line":38,"column":16}},"loc":{"start":{"line":38,"column":17},"end":{"line":17,"column":21}}},"4":{"name":"(anonymous_4)","decl":{"start":{"line":46,"column":19},"end":{"line":46,"column":24}},"loc":{"start":{"line":46,"column":25},"end":{"line":17,"column":21}}},"5":{"name":"(anonymous_5)","decl":{"start":{"line":30,"column":0},"end":{"line":30,"column":16}},"loc":{"start":{"line":30,"column":19},"end":{"line":32,"column":1}}},"6":{"name":"(anonymous_6)","decl":{"start":{"line":50,"column":2},"end":{"line":50,"column":7}},"loc":{"start":{"line":50,"column":11},"end":{"line":121,"column":3}}},"7":{"name":"(anonymous_7)","decl":{"start":{"line":123,"column":24},"end":{"line":123,"column":28}},"loc":{"start":{"line":123,"column":34},"end":{"line":123,"column":29}}}},"branchMap":{"0":{"loc":{"start":{"line":69,"column":70},"end":{"line":69,"column":17}},"type":"cond-expr","locations":[{"start":{"line":69,"column":70},"end":{"line":69,"column":17}},{"start":{"line":71,"column":24},"end":{"line":68,"column":14}}]},"1":{"loc":{"start":{"line":69,"column":17},"end":{"line":69,"column":16}},"type":"binary-expr","locations":[{"start":{"line":69,"column":17},"end":{"line":69,"column":16}},{"start":{"line":69,"column":43},"end":{"line":69,"column":17}}]},"2":{"loc":{"start":{"line":70,"column":60},"end":{"line":70,"column":59}},"type":"binary-expr","locations":[{"start":{"line":70,"column":60},"end":{"line":70,"column":59}},{"start":{"line":70,"column":86},"end":{"line":70,"column":18}}]},"3":{"loc":{"start":{"line":83,"column":18},"end":{"line":82,"column":17}},"type":"cond-expr","locations":[{"start":{"line":83,"column":18},"end":{"line":82,"column":17}},{"start":{"line":85,"column":26},"end":{"line":68,"column":14}}]},"4":{"loc":{"start":{"line":82,"column":17},"end":{"line":82,"column":16}},"type":"binary-expr","locations":[{"start":{"line":82,"column":17},"end":{"line":82,"column":16}},{"start":{"line":82,"column":43},"end":{"line":82,"column":17}}]}},"s":{"0":0,"1":0,"2":0,"3":0,"4":0,"5":0,"6":0,"7":0,"8":0,"9":0,"10":0,"11":0,"12":0,"13":0,"14":0,"15":0,"16":0,"17":0,"18":0,"19":0,"20":0,"21":0,"22":0,"23":0},"f":{"0":0,"1":0,"2":0,"3":0,"4":0,"5":0,"6":0,"7":0},"b":{"0":[0,0],"1":[0,0],"2":[0,0],"3":[0,0],"4":[0,0]}},"F:\\ReactJS\\Code-ToTrainee\\wanderlust-react-ui\\src\\index.js":{"path":"F:\\ReactJS\\Code-ToTrainee\\wanderlust-react-ui\\src\\index.js","statementMap":{"0":{"start":{"line":1,"column":0},"end":{"line":null,"column":-1}},"1":{"start":{"line":2,"column":0},"end":{"line":null,"column":-1}},"2":{"start":{"line":3,"column":0},"end":{"line":null,"column":-1}},"3":{"start":{"line":4,"column":0},"end":{"line":null,"column":-1}},"4":{"start":{"line":5,"column":0},"end":{"line":null,"column":-1}},"5":{"start":{"line":7,"column":0},"end":{"line":null,"column":-1}},"6":{"start":{"line":8,"column":0},"end":{"line":null,"column":-1}},"7":{"start":{"line":10,"column":0},"end":{"line":null,"column":-1}},"8":{"start":{"line":11,"column":0},"end":{"line":null,"column":-1}},"9":{"start":{"line":13,"column":0},"end":{"line":null,"column":-1}},"10":{"start":{"line":14,"column":0},"end":{"line":null,"column":-1}},"11":{"start":{"line":15,"column":0},"end":{"line":null,"column":-1}},"12":{"start":{"line":16,"column":0},"end":{"line":null,"column":-1}},"13":{"start":{"line":17,"column":0},"end":{"line":null,"column":-1}},"14":{"start":{"line":18,"column":0},"end":{"line":null,"column":-1}},"15":{"start":{"line":19,"column":0},"end":{"line":null,"column":-1}},"16":{"start":{"line":20,"column":0},"end":{"line":null,"column":-1}},"17":{"start":{"line":21,"column":0},"end":{"line":null,"column":-1}},"18":{"start":{"line":22,"column":0},"end":{"line":null,"column":-1}},"19":{"start":{"line":24,"column":0},"end":{"line":null,"column":-1}},"20":{"start":{"line":25,"column":0},"end":{"line":null,"column":-1}},"21":{"start":{"line":26,"column":0},"end":{"line":null,"column":-1}},"22":{"start":{"line":27,"column":0},"end":{"line":null,"column":-1}},"23":{"start":{"line":28,"column":0},"end":{"line":null,"column":-1}},"24":{"start":{"line":30,"column":0},"end":{"line":null,"column":-1}},"25":{"start":{"line":31,"column":0},"end":{"line":null,"column":-1}},"26":{"start":{"line":32,"column":14},"end":{"line":32,"column":0}},"27":{"start":{"line":39,"column":16},"end":{"line":null,"column":-1}},"28":{"start":{"line":38,"column":31},"end":{"line":null,"column":-1}},"29":{"start":{"line":49,"column":16},"end":{"line":null,"column":-1}},"30":{"start":{"line":56,"column":16},"end":{"line":null,"column":-1}},"31":{"start":{"line":60,"column":16},"end":{"line":null,"column":-1}},"32":{"start":{"line":61,"column":16},"end":{"line":null,"column":-1}},"33":{"start":{"line":62,"column":16},"end":{"line":null,"column":-1}},"34":{"start":{"line":63,"column":16},"end":{"line":59,"column":29}},"35":{"start":{"line":68,"column":16},"end":{"line":null,"column":-1}},"36":{"start":{"line":40,"column":16},"end":{"line":null,"column":-1}},"37":{"start":{"line":52,"column":14},"end":{"line":null,"column":-1}},"38":{"start":{"line":73,"column":18},"end":{"line":72,"column":16}},"39":{"start":{"line":78,"column":16},"end":{"line":null,"column":-1}},"40":{"start":{"line":79,"column":16},"end":{"line":71,"column":23}},"41":{"start":{"line":84,"column":16},"end":{"line":null,"column":-1}},"42":{"start":{"line":136,"column":56},"end":{"line":136,"column":26}},"43":{"start":{"line":148,"column":26},"end":{"line":148,"column":0}},"44":{"start":{"line":148,"column":36},"end":{"line":148,"column":31}},"45":{"start":{"line":151,"column":21},"end":{"line":151,"column":0}},"46":{"start":{"line":152,"column":0},"end":{"line":null,"column":-1}},"47":{"start":{"line":157,"column":0},"end":{"line":null,"column":-1}}},"fnMap":{"0":{"name":"(anonymous_0)","decl":{"start":{"line":38,"column":12},"end":{"line":38,"column":22}},"loc":{"start":{"line":38,"column":31},"end":{"line":46,"column":15}}},"1":{"name":"(anonymous_1)","decl":{"start":{"line":48,"column":25},"end":{"line":48,"column":23}},"loc":{"start":{"line":48,"column":35},"end":{"line":38,"column":31}}},"2":{"name":"(anonymous_2)","decl":{"start":{"line":55,"column":24},"end":{"line":55,"column":22}},"loc":{"start":{"line":55,"column":34},"end":{"line":38,"column":31}}},"3":{"name":"(anonymous_3)","decl":{"start":{"line":59,"column":23},"end":{"line":59,"column":28}},"loc":{"start":{"line":59,"column":29},"end":{"line":38,"column":31}}},"4":{"name":"(anonymous_4)","decl":{"start":{"line":67,"column":31},"end":{"line":67,"column":36}},"loc":{"start":{"line":67,"column":37},"end":{"line":38,"column":31}}},"5":{"name":"(anonymous_5)","decl":{"start":{"line":51,"column":12},"end":{"line":51,"column":28}},"loc":{"start":{"line":51,"column":31},"end":{"line":53,"column":13}}},"6":{"name":"(anonymous_6)","decl":{"start":{"line":71,"column":14},"end":{"line":71,"column":19}},"loc":{"start":{"line":71,"column":23},"end":{"line":146,"column":5}}},"7":{"name":"(anonymous_7)","decl":{"start":{"line":136,"column":50},"end":{"line":136,"column":55}},"loc":{"start":{"line":136,"column":56},"end":{"line":136,"column":26}}},"8":{"name":"(anonymous_8)","decl":{"start":{"line":148,"column":26},"end":{"line":148,"column":30}},"loc":{"start":{"line":148,"column":36},"end":{"line":148,"column":31}}}},"branchMap":{"0":{"loc":{"start":{"line":93,"column":82},"end":{"line":93,"column":29}},"type":"cond-expr","locations":[{"start":{"line":93,"column":82},"end":{"line":93,"column":29}},{"start":{"line":95,"column":36},"end":{"line":92,"column":26}}]},"1":{"loc":{"start":{"line":93,"column":29},"end":{"line":93,"column":28}},"type":"binary-expr","locations":[{"start":{"line":93,"column":29},"end":{"line":93,"column":28}},{"start":{"line":93,"column":55},"end":{"line":93,"column":29}}]},"2":{"loc":{"start":{"line":94,"column":72},"end":{"line":94,"column":71}},"type":"binary-expr","locations":[{"start":{"line":94,"column":72},"end":{"line":94,"column":71}},{"start":{"line":94,"column":98},"end":{"line":94,"column":30}}]},"3":{"loc":{"start":{"line":107,"column":30},"end":{"line":106,"column":29}},"type":"cond-expr","locations":[{"start":{"line":107,"column":30},"end":{"line":106,"column":29}},{"start":{"line":109,"column":38},"end":{"line":92,"column":26}}]},"4":{"loc":{"start":{"line":106,"column":29},"end":{"line":106,"column":28}},"type":"binary-expr","locations":[{"start":{"line":106,"column":29},"end":{"line":106,"column":28}},{"start":{"line":106,"column":55},"end":{"line":106,"column":29}}]}},"s":{"0":0,"1":0,"2":0,"3":0,"4":0,"5":0,"6":0,"7":0,"8":0,"9":0,"10":0,"11":0,"12":0,"13":0,"14":0,"15":0,"16":0,"17":0,"18":0,"19":0,"20":0,"21":0,"22":0,"23":0,"24":0,"25":0,"26":0,"27":0,"28":0,"29":0,"30":0,"31":0,"32":0,"33":0,"34":0,"35":0,"36":0,"37":0,"38":0,"39":0,"40":0,"41":0,"42":0,"43":0,"44":0,"45":0,"46":0,"47":0},"f":{"0":0,"1":0,"2":0,"3":0,"4":0,"5":0,"6":0,"7":0,"8":0},"b":{"0":[0,0],"1":[0,0],"2":[0,0],"3":[0,0],"4":[0,0]}},"F:\\ReactJS\\Code-ToTrainee\\wanderlust-react-ui\\src\\components\\hotdeals.js":{"path":"F:\\ReactJS\\Code-ToTrainee\\wanderlust-react-ui\\src\\components\\hotdeals.js","statementMap":{"0":{"start":{"line":1,"column":0},"end":{"line":null,"column":-1}},"1":{"start":{"line":2,"column":0},"end":{"line":null,"column":-1}},"2":{"start":{"line":3,"column":0},"end":{"line":null,"column":-1}},"3":{"start":{"line":4,"column":0},"end":{"line":null,"column":-1}},"4":{"start":{"line":5,"column":0},"end":{"line":null,"column":-1}},"5":{"start":{"line":6,"column":0},"end":{"line":null,"column":-1}},"6":{"start":{"line":7,"column":0},"end":{"line":null,"column":-1}},"7":{"start":{"line":8,"column":0},"end":{"line":null,"column":-1}},"8":{"start":{"line":12,"column":8},"end":{"line":null,"column":-1}},"9":{"start":{"line":11,"column":23},"end":{"line":null,"column":-1}},"10":{"start":{"line":25,"column":8},"end":{"line":34,"column":9}},"11":{"start":{"line":26,"column":32},"end":{"line":26,"column":12}},"12":{"start":{"line":26,"column":79},"end":{"line":26,"column":32}},"13":{"start":{"line":28,"column":12},"end":{"line":null,"column":-1}},"14":{"start":{"line":31,"column":28},"end":{"line":31,"column":8}},"15":{"start":{"line":31,"column":72},"end":{"line":31,"column":28}},"16":{"start":{"line":33,"column":8},"end":{"line":null,"column":-1}},"17":{"start":{"line":37,"column":8},"end":{"line":44,"column":5}},"18":{"start":{"line":38,"column":32},"end":{"line":38,"column":12}},"19":{"start":{"line":38,"column":79},"end":{"line":38,"column":32}},"20":{"start":{"line":39,"column":8},"end":{"line":null,"column":-1}},"21":{"start":{"line":42,"column":28},"end":{"line":42,"column":8}},"22":{"start":{"line":42,"column":72},"end":{"line":42,"column":28}},"23":{"start":{"line":43,"column":8},"end":{"line":null,"column":-1}},"24":{"start":{"line":47,"column":8},"end":{"line":null,"column":-1}},"25":{"start":{"line":49,"column":8},"end":{"line":null,"column":-1}},"26":{"start":{"line":50,"column":12},"end":{"line":null,"column":-1}},"27":{"start":{"line":64,"column":8},"end":{"line":null,"column":-1}},"28":{"start":{"line":68,"column":8},"end":{"line":null,"column":-1}},"29":{"start":{"line":69,"column":8},"end":{"line":71,"column":9}},"30":{"start":{"line":70,"column":12},"end":{"line":null,"column":-1}},"31":{"start":{"line":75,"column":28},"end":{"line":75,"column":8}},"32":{"start":{"line":76,"column":8},"end":{"line":172,"column":10}},"33":{"start":{"line":77,"column":27},"end":{"line":77,"column":12}},"34":{"start":{"line":77,"column":74},"end":{"line":77,"column":27}},"35":{"start":{"line":78,"column":12},"end":{"line":null,"column":-1}},"36":{"start":{"line":79,"column":12},"end":{"line":127,"column":9}},"37":{"start":{"line":80,"column":16},"end":{"line":null,"column":-1}},"38":{"start":{"line":83,"column":12},"end":{"line":126,"column":13}},"39":{"start":{"line":85,"column":20},"end":{"line":84,"column":16}},"40":{"start":{"line":102,"column":51},"end":{"line":101,"column":39}},"41":{"start":{"line":111,"column":55},"end":{"line":110,"column":36}},"42":{"start":{"line":125,"column":16},"end":{"line":null,"column":-1}},"43":{"start":{"line":129,"column":8},"end":{"line":172,"column":9}},"44":{"start":{"line":131,"column":16},"end":{"line":130,"column":12}},"45":{"start":{"line":148,"column":47},"end":{"line":147,"column":35}},"46":{"start":{"line":157,"column":51},"end":{"line":156,"column":32}},"47":{"start":{"line":171,"column":12},"end":{"line":null,"column":-1}},"48":{"start":{"line":173,"column":8},"end":{"line":null,"column":-1}},"49":{"start":{"line":13,"column":8},"end":{"line":null,"column":-1}},"50":{"start":{"line":178,"column":8},"end":{"line":null,"column":-1}},"51":{"start":{"line":179,"column":8},"end":{"line":null,"column":-1}},"52":{"start":{"line":182,"column":8},"end":{"line":null,"column":-1}},"53":{"start":{"line":183,"column":8},"end":{"line":null,"column":-1}},"54":{"start":{"line":185,"column":8},"end":{"line":null,"column":-1}},"55":{"start":{"line":209,"column":24},"end":{"line":209,"column":0}},"56":{"start":{"line":209,"column":34},"end":{"line":209,"column":29}}},"fnMap":{"0":{"name":"(anonymous_0)","decl":{"start":{"line":11,"column":4},"end":{"line":11,"column":14}},"loc":{"start":{"line":11,"column":23},"end":{"line":23,"column":5}}},"1":{"name":"(anonymous_1)","decl":{"start":{"line":24,"column":20},"end":{"line":24,"column":18}},"loc":{"start":{"line":24,"column":33},"end":{"line":11,"column":23}}},"2":{"name":"(anonymous_2)","decl":{"start":{"line":26,"column":70},"end":{"line":26,"column":68}},"loc":{"start":{"line":26,"column":79},"end":{"line":26,"column":32}}},"3":{"name":"(anonymous_3)","decl":{"start":{"line":31,"column":63},"end":{"line":31,"column":61}},"loc":{"start":{"line":31,"column":72},"end":{"line":31,"column":28}}},"4":{"name":"(anonymous_4)","decl":{"start":{"line":36,"column":19},"end":{"line":36,"column":17}},"loc":{"start":{"line":36,"column":32},"end":{"line":11,"column":23}}},"5":{"name":"(anonymous_5)","decl":{"start":{"line":38,"column":70},"end":{"line":38,"column":68}},"loc":{"start":{"line":38,"column":79},"end":{"line":38,"column":32}}},"6":{"name":"(anonymous_6)","decl":{"start":{"line":42,"column":63},"end":{"line":42,"column":61}},"loc":{"start":{"line":42,"column":72},"end":{"line":42,"column":28}}},"7":{"name":"(anonymous_7)","decl":{"start":{"line":46,"column":19},"end":{"line":46,"column":22}},"loc":{"start":{"line":46,"column":23},"end":{"line":11,"column":23}}},"8":{"name":"(anonymous_8)","decl":{"start":{"line":49,"column":61},"end":{"line":49,"column":64}},"loc":{"start":{"line":49,"column":65},"end":{"line":49,"column":8}}},"9":{"name":"(anonymous_9)","decl":{"start":{"line":54,"column":18},"end":{"line":54,"column":23}},"loc":{"start":{"line":54,"column":24},"end":{"line":11,"column":23}}},"10":{"name":"(anonymous_10)","decl":{"start":{"line":63,"column":18},"end":{"line":63,"column":16}},"loc":{"start":{"line":63,"column":30},"end":{"line":11,"column":23}}},"11":{"name":"(anonymous_11)","decl":{"start":{"line":67,"column":23},"end":{"line":67,"column":21}},"loc":{"start":{"line":67,"column":34},"end":{"line":11,"column":23}}},"12":{"name":"(anonymous_12)","decl":{"start":{"line":74,"column":22},"end":{"line":74,"column":27}},"loc":{"start":{"line":74,"column":28},"end":{"line":11,"column":23}}},"13":{"name":"(anonymous_13)","decl":{"start":{"line":77,"column":67},"end":{"line":77,"column":65}},"loc":{"start":{"line":77,"column":74},"end":{"line":77,"column":27}}},"14":{"name":"(anonymous_14)","decl":{"start":{"line":102,"column":45},"end":{"line":102,"column":50}},"loc":{"start":{"line":102,"column":51},"end":{"line":101,"column":39}}},"15":{"name":"(anonymous_15)","decl":{"start":{"line":111,"column":49},"end":{"line":111,"column":54}},"loc":{"start":{"line":111,"column":55},"end":{"line":110,"column":36}}},"16":{"name":"(anonymous_16)","decl":{"start":{"line":148,"column":41},"end":{"line":148,"column":46}},"loc":{"start":{"line":148,"column":47},"end":{"line":147,"column":35}}},"17":{"name":"(anonymous_17)","decl":{"start":{"line":157,"column":45},"end":{"line":157,"column":50}},"loc":{"start":{"line":157,"column":51},"end":{"line":156,"column":32}}},"18":{"name":"(anonymous_18)","decl":{"start":{"line":176,"column":4},"end":{"line":176,"column":20}},"loc":{"start":{"line":176,"column":24},"end":{"line":180,"column":5}}},"19":{"name":"(anonymous_19)","decl":{"start":{"line":181,"column":4},"end":{"line":181,"column":9}},"loc":{"start":{"line":181,"column":13},"end":{"line":207,"column":5}}},"20":{"name":"(anonymous_20)","decl":{"start":{"line":209,"column":24},"end":{"line":209,"column":28}},"loc":{"start":{"line":209,"column":34},"end":{"line":209,"column":29}}}},"branchMap":{"0":{"loc":{"start":{"line":25,"column":8},"end":{"line":34,"column":9}},"type":"if","locations":[{"start":{"line":25,"column":8},"end":{"line":34,"column":9}},{"start":{"line":25,"column":8},"end":{"line":34,"column":9}}]},"1":{"loc":{"start":{"line":37,"column":8},"end":{"line":44,"column":5}},"type":"if","locations":[{"start":{"line":37,"column":8},"end":{"line":44,"column":5}},{"start":{"line":37,"column":8},"end":{"line":44,"column":5}}]},"2":{"loc":{"start":{"line":69,"column":8},"end":{"line":71,"column":9}},"type":"if","locations":[{"start":{"line":69,"column":8},"end":{"line":71,"column":9}},{"start":{"line":69,"column":8},"end":{"line":71,"column":9}}]},"3":{"loc":{"start":{"line":76,"column":8},"end":{"line":172,"column":10}},"type":"if","locations":[{"start":{"line":76,"column":8},"end":{"line":172,"column":10}},{"start":{"line":76,"column":8},"end":{"line":172,"column":10}}]},"4":{"loc":{"start":{"line":79,"column":12},"end":{"line":127,"column":9}},"type":"if","locations":[{"start":{"line":79,"column":12},"end":{"line":127,"column":9}},{"start":{"line":79,"column":12},"end":{"line":127,"column":9}}]},"5":{"loc":{"start":{"line":189,"column":42},"end":{"line":189,"column":21}},"type":"cond-expr","locations":[{"start":{"line":189,"column":42},"end":{"line":189,"column":21}},{"start":{"line":190,"column":0},"end":{"line":188,"column":16}}]},"6":{"loc":{"start":{"line":191,"column":45},"end":{"line":191,"column":21}},"type":"cond-expr","locations":[{"start":{"line":191,"column":45},"end":{"line":191,"column":21}},{"start":{"line":198,"column":37},"end":{"line":188,"column":16}}]}},"s":{"0":0,"1":0,"2":0,"3":0,"4":0,"5":0,"6":0,"7":0,"8":0,"9":0,"10":0,"11":0,"12":0,"13":0,"14":0,"15":0,"16":0,"17":0,"18":0,"19":0,"20":0,"21":0,"22":0,"23":0,"24":0,"25":0,"26":0,"27":0,"28":0,"29":0,"30":0,"31":0,"32":0,"33":0,"34":0,"35":0,"36":0,"37":0,"38":0,"39":0,"40":0,"41":0,"42":0,"43":0,"44":0,"45":0,"46":0,"47":0,"48":0,"49":0,"50":0,"51":0,"52":0,"53":0,"54":0,"55":0,"56":0},"f":{"0":0,"1":0,"2":0,"3":0,"4":0,"5":0,"6":0,"7":0,"8":0,"9":0,"10":0,"11":0,"12":0,"13":0,"14":0,"15":0,"16":0,"17":0,"18":0,"19":0,"20":0},"b":{"0":[0,0],"1":[0,0],"2":[0,0],"3":[0,0],"4":[0,0],"5":[0,0],"6":[0,0]}},"F:\\ReactJS\\Code-ToTrainee\\wanderlust-react-ui\\src\\components\\home.js":{"path":"F:\\ReactJS\\Code-ToTrainee\\wanderlust-react-ui\\src\\components\\home.js","statementMap":{"0":{"start":{"line":1,"column":0},"end":{"line":null,"column":-1}},"1":{"start":{"line":2,"column":0},"end":{"line":null,"column":-1}},"2":{"start":{"line":3,"column":0},"end":{"line":null,"column":-1}},"3":{"start":{"line":4,"column":0},"end":{"line":null,"column":-1}},"4":{"start":{"line":5,"column":0},"end":{"line":null,"column":-1}},"5":{"start":{"line":7,"column":0},"end":{"line":null,"column":-1}},"6":{"start":{"line":11,"column":29},"end":{"line":null,"column":-1}},"7":{"start":{"line":23,"column":23},"end":{"line":23,"column":8}},"8":{"start":{"line":24,"column":21},"end":{"line":24,"column":8}},"9":{"start":{"line":25,"column":22},"end":{"line":25,"column":8}},"10":{"start":{"line":26,"column":8},"end":{"line":null,"column":-1}},"11":{"start":{"line":27,"column":8},"end":{"line":null,"column":-1}},"12":{"start":{"line":30,"column":18},"end":{"line":30,"column":8}},"13":{"start":{"line":31,"column":22},"end":{"line":31,"column":8}},"14":{"start":{"line":32,"column":8},"end":{"line":null,"column":-1}},"15":{"start":{"line":34,"column":29},"end":{"line":34,"column":16}},"16":{"start":{"line":35,"column":16},"end":{"line":44,"column":17}},"17":{"start":{"line":36,"column":20},"end":{"line":null,"column":-1}},"18":{"start":{"line":37,"column":20},"end":{"line":null,"column":-1}},"19":{"start":{"line":38,"column":23},"end":{"line":44,"column":17}},"20":{"start":{"line":39,"column":20},"end":{"line":null,"column":-1}},"21":{"start":{"line":40,"column":20},"end":{"line":null,"column":-1}},"22":{"start":{"line":42,"column":20},"end":{"line":null,"column":-1}},"23":{"start":{"line":43,"column":20},"end":{"line":null,"column":-1}},"24":{"start":{"line":45,"column":16},"end":{"line":null,"column":-1}},"25":{"start":{"line":47,"column":8},"end":{"line":null,"column":-1}},"26":{"start":{"line":49,"column":0},"end":{"line":null,"column":-1}},"27":{"start":{"line":55,"column":8},"end":{"line":null,"column":-1}},"28":{"start":{"line":56,"column":8},"end":{"line":null,"column":-1}},"29":{"start":{"line":60,"column":8},"end":{"line":null,"column":-1}},"30":{"start":{"line":61,"column":8},"end":{"line":null,"column":-1}},"31":{"start":{"line":65,"column":8},"end":{"line":null,"column":-1}},"32":{"start":{"line":67,"column":8},"end":{"line":67,"column":45}},"33":{"start":{"line":67,"column":45},"end":{"line":null,"column":-1}},"34":
[...]
"name":"(anonymous_2)","decl":{"start":{"line":52,"column":23},"end":{"line":52,"column":22}},"loc":{"start":{"line":52,"column":29},"end":{"line":13,"column":36}}},"3":{"name":"(anonymous_3)","decl":{"start":{"line":83,"column":20},"end":{"line":83,"column":18}},"loc":{"start":{"line":83,"column":30},"end":{"line":13,"column":36}}},"4":{"name":"(anonymous_4)","decl":{"start":{"line":95,"column":20},"end":{"line":95,"column":18}},"loc":{"start":{"line":95,"column":30},"end":{"line":13,"column":36}}},"5":{"name":"(anonymous_5)","decl":{"start":{"line":99,"column":20},"end":{"line":99,"column":21}},"loc":{"start":{"line":99,"column":42},"end":{"line":13,"column":36}}},"6":{"name":"(anonymous_6)","decl":{"start":{"line":160,"column":17},"end":{"line":160,"column":15}},"loc":{"start":{"line":160,"column":24},"end":{"line":13,"column":36}}},"7":{"name":"(anonymous_7)","decl":{"start":{"line":149,"column":4},"end":{"line":149,"column":20}},"loc":{"start":{"line":149,"column":24},"end":{"line":158,"column":5}}},"8":{"name":"(anonymous_8)","decl":{"start":{"line":151,"column":66},"end":{"line":151,"column":69}},"loc":{"start":{"line":151,"column":74},"end":{"line":151,"column":29}}},"9":{"name":"(anonymous_9)","decl":{"start":{"line":155,"column":63},"end":{"line":155,"column":66}},"loc":{"start":{"line":155,"column":71},"end":{"line":155,"column":29}}},"10":{"name":"(anonymous_10)","decl":{"start":{"line":165,"column":4},"end":{"line":165,"column":9}},"loc":{"start":{"line":165,"column":13},"end":{"line":294,"column":5}}},"11":{"name":"(anonymous_11)","decl":{"start":{"line":185,"column":97},"end":{"line":185,"column":98}},"loc":{"start":{"line":185,"column":113},"end":{"line":185,"column":41}}},"12":{"name":"(anonymous_12)","decl":{"start":{"line":196,"column":117},"end":{"line":196,"column":118}},"loc":{"start":{"line":197,"column":48},"end":{"line":196,"column":44}}},"13":{"name":"DownloadTicket","decl":{"start":{"line":297,"column":9},"end":{"line":297,"column":0}},"loc":{"start":{"line":297,"column":31},"end":{"line":313,"column":3}}},"14":{"name":"(anonymous_14)","decl":{"start":{"line":308,"column":11},"end":{"line":308,"column":12}},"loc":{"start":{"line":308,"column":26},"end":{"line":307,"column":8}}},"15":{"name":"(anonymous_15)","decl":{"start":{"line":315,"column":24},"end":{"line":315,"column":28}},"loc":{"start":{"line":315,"column":34},"end":{"line":315,"column":29}}}},"branchMap":{"0":{"loc":{"start":{"line":60,"column":8},"end":{"line":80,"column":9}},"type":"if","locations":[{"start":{"line":60,"column":8},"end":{"line":80,"column":9}},{"start":{"line":60,"column":8},"end":{"line":80,"column":9}}]},"1":{"loc":{"start":{"line":103,"column":12},"end":{"line":121,"column":16}},"type":"switch","locations":[{"start":{"line":103,"column":12},"end":{"line":121,"column":16}},{"start":{"line":122,"column":12},"end":{"line":135,"column":16}},{"start":{"line":137,"column":12},"end":{"line":138,"column":16}}]},"2":{"loc":{"start":{"line":104,"column":16},"end":{"line":120,"column":17}},"type":"if","locations":[{"start":{"line":104,"column":16},"end":{"line":120,"column":17}},{"start":{"line":104,"column":16},"end":{"line":120,"column":17}}]},"3":{"loc":{"start":{"line":107,"column":23},"end":{"line":120,"column":17}},"type":"if","locations":[{"start":{"line":107,"column":23},"end":{"line":120,"column":17}},{"start":{"line":107,"column":23},"end":{"line":120,"column":17}}]},"4":{"loc":{"start":{"line":111,"column":23},"end":{"line":120,"column":17}},"type":"if","locations":[{"start":{"line":111,"column":23},"end":{"line":120,"column":17}},{"start":{"line":111,"column":23},"end":{"line":120,"column":17}}]},"5":{"loc":{"start":{"line":125,"column":16},"end":{"line":134,"column":17}},"type":"if","locations":[{"start":{"line":125,"column":16},"end":{"line":134,"column":17}},{"start":{"line":125,"column":16},"end":{"line":134,"column":17}}]},"6":{"loc":{"start":{"line":128,"column":23},"end":{"line":134,"column":17}},"type":"if","locations":[{"start":{"line":128,"column":23},"end":{"line":134,"column":17}},{"start":{"line":128,"column":23},"end":{"line":134,"column":17}}]},"7":{"loc":{"start":{"line":140,"column":33},"end":{"line":140,"column":32}},"type":"binary-expr","locations":[{"start":{"line":140,"column":33},"end":{"line":140,"column":32}},{"start":{"line":140,"column":58},"end":{"line":140,"column":8}}]},"8":{"loc":{"start":{"line":150,"column":8},"end":{"line":157,"column":9}},"type":"if","locations":[{"start":{"line":150,"column":8},"end":{"line":157,"column":9}},{"start":{"line":150,"column":8},"end":{"line":157,"column":9}}]},"9":{"loc":{"start":{"line":174,"column":71},"end":{"line":174,"column":12}},"type":"cond-expr","locations":[{"start":{"line":174,"column":71},"end":{"line":174,"column":12}},{"start":{"line":280,"column":16},"end":{"line":172,"column":8}}]},"10":{"loc":{"start":{"line":174,"column":12},"end":{"line":174,"column":11}},"type":"binary-expr","locations":[{"start":{"line":174,"column":12},"end":{"line":174,"column":11}},{"start":{"line":174,"column":31},"end":{"line":174,"column":12}}]},"11":{"loc":{"start":{"line":230,"column":77},"end":{"line":230,"column":29}},"type":"cond-expr","locations":[{"start":{"line":230,"column":77},"end":{"line":230,"column":29}},{"start":{"line":233,"column":34},"end":{"line":218,"column":24}}]},"12":{"loc":{"start":{"line":243,"column":75},"end":{"line":243,"column":29}},"type":"cond-expr","locations":[{"start":{"line":243,"column":75},"end":{"line":243,"column":29}},{"start":{"line":246,"column":34},"end":{"line":218,"column":24}}]},"13":{"loc":{"start":{"line":264,"column":28},"end":{"line":263,"column":29}},"type":"cond-expr","locations":[{"start":{"line":264,"column":28},"end":{"line":263,"column":29}},{"start":{"line":268,"column":34},"end":{"line":262,"column":24}}]},"14":{"loc":{"start":{"line":280,"column":109},"end":{"line":280,"column":16}},"type":"cond-expr","locations":[{"start":{"line":280,"column":109},"end":{"line":280,"column":16}},{"start":{"line":291,"column":14},"end":{"line":172,"column":8}}]},"15":{"loc":{"start":{"line":280,"column":16},"end":{"line":280,"column":15}},"type":"binary-expr","locations":[{"start":{"line":280,"column":16},"end":{"line":280,"column":15}},{"start":{"line":280,"column":35},"end":{"line":280,"column":16}},{"start":{"line":280,"column":75},"end":{"line":280,"column":16}}]}},"s":{"0":0,"1":0,"2":0,"3":0,"4":0,"5":0,"6":0,"7":0,"8":0,"9":0,"10":0,"11":0,"12":0,"13":0,"14":0,"15":0,"16":0,"17":0,"18":0,"19":0,"20":0,"21":0,"22":0,"23":0,"24":0,"25":0,"26":0,"27":0,"28":0,"29":0,"30":0,"31":0,"32":0,"33":0,"34":0,"35":0,"36":0,"37":0,"38":0,"39":0,"40":0,"41":0,"42":0,"43":0,"44":0,"45":0,"46":0,"47":0,"48":0,"49":0,"50":0,"51":0,"52":0,"53":0,"54":0,"55":0,"56":0,"57":0,"58":0,"59":0,"60":0,"61":0,"62":0,"63":0,"64":0,"65":0,"66":0,"67":0,"68":0,"69":0,"70":0,"71":0,"72":0,"73":0,"74":0,"75":0,"76":0,"77":0,"78":0,"79":0,"80":0,"81":0,"82":0,"83":0},"f":{"0":0,"1":0,"2":0,"3":0,"4":0,"5":0,"6":0,"7":0,"8":0,"9":0,"10":0,"11":0,"12":0,"13":0,"14":0,"15":0},"b":{"0":[0,0],"1":[0,0,0],"2":[0,0],"3":[0,0],"4":[0,0],"5":[0,0],"6":[0,0],"7":[0,0],"8":[0,0],"9":[0,0],"10":[0,0],"11":[0,0],"12":[0,0],"13":[0,0],"14":[0,0],"15":[0,0,0]}},"F:\\ReactJS\\Code-ToTrainee\\wanderlust-react-ui\\src\\components\\Primecomponent\\BookingSideBar.js":{"path":"F:\\ReactJS\\Code-ToTrainee\\wanderlust-react-ui\\src\\components\\Primecomponent\\BookingSideBar.js","statementMap":{"0":{"start":{"line":1,"column":0},"end":{"line":null,"column":-1}},"1":{"start":{"line":2,"column":0},"end":{"line":null,"column":-1}},"2":{"start":{"line":3,"column":0},"end":{"line":null,"column":-1}},"3":{"start":{"line":4,"column":0},"end":{"line":null,"column":-1}},"4":{"start":{"line":5,"column":0},"end":{"line":null,"column":-1}},"5":{"start":{"line":6,"column":0},"end":{"line":null,"column":-1}},"6":{"start":{"line":7,"column":0},"end":{"line":null,"column":-1}},"7":{"start":{"line":8,"column":0},"end":{"line":null,"column":-1}},"8":{"start":{"line":9,"column":0},"end":{"line":null,"column":-1}},"9":{"start":{"line":11,"column":39},"end":{"line":null,"column":-1}},"10":{"start":{"line":41,"column":22},"end":{"line":41,"column":8}},"11":{"start":{"line":42,"column":22},"end":{"line":42,"column":8}},"12":{"start":{"line":43,"column":22},"end":{"line":43,"column":8}},"13":{"start":{"line":44,"column":8},"end":{"line":67,"column":9}},"14":{"start":{"line":45,"column":12},"end":{"line":null,"column":-1}},"15":{"start":{"line":46,"column":25},"end":{"line":46,"column":12}},"16":{"start":{"line":47,"column":12},"end":{"line":null,"column":-1}},"17":{"start":{"line":48,"column":12},"end":{"line":null,"column":-1}},"18":{"start":{"line":49,"column":12},"end":{"line":null,"column":-1}},"19":{"start":{"line":50,"column":12},"end":{"line":null,"column":-1}},"20":{"start":{"line":51,"column":12},"end":{"line":null,"column":-1}},"21":{"start":{"line":52,"column":12},"end":{"line":null,"column":-1}},"22":{"start":{"line":53,"column":12},"end":{"line":null,"column":-1}},"23":{"start":{"line":58,"column":12},"end":{"line":null,"column":-1}},"24":{"start":{"line":59,"column":25},"end":{"line":59,"column":12}},"25":{"start":{"line":60,"column":12},"end":{"line":null,"column":-1}},"26":{"start":{"line":61,"column":12},"end":{"line":null,"column":-1}},"27":{"start":{"line":62,"column":12},"end":{"line":null,"column":-1}},"28":{"start":{"line":63,"column":12},"end":{"line":null,"column":-1}},"29":{"start":{"line":64,"column":12},"end":{"line":null,"column":-1}},"30":{"start":{"line":65,"column":12},"end":{"line":null,"column":-1}},"31":{"start":{"line":66,"column":12},"end":{"line":null,"column":-1}},"32":{"start":{"line":71,"column":23},"end":{"line":71,"column":8}},"33":{"start":{"line":72,"column":22},"end":{"line":72,"column":8}},"34":{"start":{"line":73,"column":21},"end":{"line":73,"column":8}},"35":{"start":{"line":74,"column":30},"end":{"line":70,"column":30}},"36":{"start":{"line":75,"column":8},"end":{"line":null,"column":-1}},"37":{"start":{"line":78,"column":8},"end":{"line":70,"column":30}},"38":{"start":{"line":83,"column":8},"end":{"line":null,"column":-1}},"39":{"start":{"line":87,"column":36},"end":{"line":87,"column":8}},"40":{"start":{"line":88,"column":24},"end":{"line":88,"column":8}},"41":{"start":{"line":89,"column":8},"end":{"line":null,"column":-1}},"42":{"start":{"line":91,"column":16},"end":{"line":107,"column":17}},"43":{"start":{"line":92,"column":20},"end":{"line":null,"column":-1}},"44":{"start":{"line":93,"column":20},"end":{"line":null,"column":-1}},"45":{"start":{"line":94,"column":23},"end":{"line":107,"column":17}},"46":{"start":{"line":95,"column":20},"end":{"line":null,"column":-1}},"47":{"start":{"line":96,"column":20},"end":{"line":94,"column":38}},"48":{"start":{"line":98,"column":23},"end":{"line":107,"column":17}},"49":{"start":{"line":99,"column":20},"end":{"line":null,"column":-1}},"50":{"start":{"line":100,"column":20},"end":{"line":98,"column":39}},"51":{"start":{"line":104,"column":20},"end":{"line":null,"column":-1}},"52":{"start":{"line":105,"column":20},"end":{"line":103,"column":21}},"53":{"start":{"line":108,"column":16},"end":{"line":null,"column":-1}},"54":{"start":{"line":110,"column":30},"end":{"line":110,"column":16}},"55":{"start":{"line":111,"column":33},"end":{"line":111,"column":16}},"56":{"start":{"line":112,"column":16},"end":{"line":121,"column":17}},"57":{"start":{"line":113,"column":20},"end":{"line":null,"column":-1}},"58":{"start":{"line":114,"column":20},"end":{"line":null,"column":-1}},"59":{"start":{"line":115,"column":23},"end":{"line":121,"column":17}},"60":{"start":{"line":116,"column":20},"end":{"line":null,"column":-1}},"61":{"start":{"line":117,"column":20},"end":{"line":null,"column":-1}},"62":{"start":{"line":119,"column":20},"end":{"line":null,"column":-1}},"63":{"start":{"line":120,"column":20},"end":{"line":null,"column":-1}},"64":{"start":{"line":122,"column":16},"end":{"line":null,"column":-1}},"65":{"start":{"line":125,"column":16},"end":{"line":null,"column":-1}},"66":{"start":{"line":127,"column":8},"end":{"line":null,"column":-1}},"67":{"start":{"line":128,"column":8},"end":{"line":null,"column":-1}},"68":{"start":{"line":136,"column":8},"end":{"line":null,"column":-1}},"69":{"start":{"line":138,"column":8},"end":{"line":147,"column":9}},"70":{"start":{"line":139,"column":11},"end":{"line":null,"column":-1}},"71":{"start":{"line":140,"column":11},"end":{"line":null,"column":-1}},"72":{"start":{"line":144,"column":12},"end":{"line":null,"column":-1}},"73":{"start":{"line":145,"column":12},"end":{"line":143,"column":12}},"74":{"start":{"line":151,"column":8},"end":{"line":null,"column":-1}},"75":{"start":{"line":152,"column":8},"end":{"line":null,"column":-1}},"76":{"start":{"line":153,"column":8},"end":{"line":null,"column":-1}},"77":{"start":{"line":154,"column":8},"end":{"line":154,"column":32}},"78":{"start":{"line":154,"column":32},"end":{"line":null,"column":-1}},"79":{"start":{"line":155,"column":8},"end":{"line":155,"column":38}},"80":{"start":{"line":155,"column":38},"end":{"line":null,"column":-1}},"81":{"start":{"line":157,"column":8},"end":{"line":null,"column":-1}},"82":{"start":{"line":162,"column":90},"end":{"line":162,"column":24}},"83":{"start":{"line":173,"column":132},"end":{"line":173,"column":53}},"84":{"start":{"line":196,"column":40},"end":{"line":195,"column":36}},"85":{"start":{"line":243,"column":57},"end":{"line":242,"column":37}},"86":{"start":{"line":283,"column":24},"end":{"line":283,"column":0}},"87":{"start":{"line":283,"column":34},"end":{"line":283,"column":29}}},"fnMap":{"0":{"name":"(anonymous_0)","decl":{"start":{"line":11,"column":39},"end":{"line":null,"column":-1}},"loc":{"start":{"line":11,"column":39},"end":{"line":null,"column":-1}}},"1":{"name":"(anonymous_1)","decl":{"start":{"line":40,"column":22},"end":{"line":40,"column":27}},"loc":{"start":{"line":40,"column":28},"end":{"line":11,"column":39}}},"2":{"name":"(anonymous_2)","decl":{"start":{"line":70,"column":20},"end":{"line":70,"column":18}},"loc":{"start":{"line":70,"column":30},"end":{"line":11,"column":39}}},"3":{"name":"(anonymous_3)","decl":{"start":{"line":82,"column":20},"end":{"line":82,"column":18}},"loc":{"start":{"line":82,"column":30},"end":{"line":11,"column":39}}},"4":{"name":"(anonymous_4)","decl":{"start":{"line":86,"column":20},"end":{"line":86,"column":21}},"loc":{"start":{"line":86,"column":42},"end":{"line":11,"column":39}}},"5":{"name":"(anonymous_5)","decl":{"start":{"line":135,"column":11},"end":{"line":135,"column":16}},"loc":{"start":{"line":135,"column":17},"end":{"line":11,"column":39}}},"6":{"name":"(anonymous_6)","decl":{"start":{"line":150,"column":4},"end":{"line":150,"column":9}},"loc":{"start":{"line":150,"column":13},"end":{"line":281,"column":5}}},"7":{"name":"(anonymous_7)","decl":{"start":{"line":162,"column":84},"end":{"line":162,"column":83}},"loc":{"start":{"line":162,"column":90},"end":{"line":162,"column":24}}},"8":{"name":"(anonymous_8)","decl":{"start":{"line":173,"column":116},"end":{"line":173,"column":117}},"loc":{"start":{"line":173,"column":132},"end":{"line":173,"column":53}}},"9":{"name":"(anonymous_9)","decl":{"start":{"line":195,"column":116},"end":{"line":195,"column":117}},"loc":{"start":{"line":196,"column":40},"end":{"line":195,"column":36}}},"10":{"name":"(anonymous_10)","decl":{"start":{"line":243,"column":51},"end":{"line":243,"column":50}},"loc":{"start":{"line":243,"column":57},"end":{"line":242,"column":37}}},"11":{"name":"(anonymous_11)","decl":{"start":{"line":283,"column":24},"end":{"line":283,"column":28}},"loc":{"start":{"line":283,"column":34},"end":{"line":283,"column":29}}}},"branchMap":{"0":{"loc":{"start":{"line":44,"column":8},"end":{"line":67,"column":9}},"type":"if","locations":[{"start":{"line":44,"column":8},"end":{"line":67,"column":9}},{"start":{"line":44,"column":8},"end":{"line":67,"column":9}}]},"1":{"loc":{"start":{"line":90,"column":12},"end":{"line":108,"column":16}},"type":"switch","locations":[{"start":{"line":90,"column":12},"end":{"line":108,"column":16}},{"start":{"line":109,"column":12},"end":{"line":122,"column":16}},{"start":{"line":124,"column":12},"end":{"line":125,"column":16}}]},"2":{"loc":{"start":{"line":91,"column":16},"end":{"line":107,"column":17}},"type":"if","locations":[{"start":{"line":91,"column":16},"end":{"line":107,"column":17}},{"start":{"line":91,"column":16},"end":{"line":107,"column":17}}]},"3":{"loc":{"start":{"line":94,"column":23},"end":{"line":107,"column":17}},"type":"if","locations":[{"start":{"line":94,"column":23},"end":{"line":107,"column":17}},{"start":{"line":94,"column":23},"end":{"line":107,"column":17}}]},"4":{"loc":{"start":{"line":98,"column":23},"end":{"line":107,"column":17}},"type":"if","locations":[{"start":{"line":98,"column":23},"end":{"line":107,"column":17}},{"start":{"line":98,"column":23},"end":{"line":107,"column":17}}]},"5":{"loc":{"start":{"line":112,"column":16},"end":{"line":121,"column":17}},"type":"if","locations":[{"start":{"line":112,"column":16},"end":{"line":121,"column":17}},{"start":{"line":112,"column":16},"end":{"line":121,"column":17}}]},"6":{"loc":{"start":{"line":115,"column":23},"end":{"line":121,"column":17}},"type":"if","locations":[{"start":{"line":115,"column":23},"end":{"line":121,"column":17}},{"start":{"line":115,"column":23},"end":{"line":121,"column":17}}]},"7":{"loc":{"start":{"line":127,"column":33},"end":{"line":127,"column":32}},"type":"binary-expr","locations":[{"start":{"line":127,"column":33},"end":{"line":127,"column":32}},{"start":{"line":127,"column":58},"end":{"line":127,"column":8}}]},"8":{"loc":{"start":{"line":138,"column":8},"end":{"line":147,"column":9}},"type":"if","locations":[{"start":{"line":138,"column":8},"end":{"line":147,"column":9}},{"start":{"line":138,"column":8},"end":{"line":147,"column":9}}]},"9":{"loc":{"start":{"line":154,"column":8},"end":{"line":154,"column":32}},"type":"if","locations":[{"start":{"line":154,"column":8},"end":{"line":154,"column":32}},{"start":{"line":154,"column":8},"end":{"line":154,"column":32}}]},"10":{"loc":{"start":{"line":155,"column":8},"end":{"line":155,"column":38}},"type":"if","locations":[{"start":{"line":155,"column":8},"end":{"line":155,"column":38}},{"start":{"line":155,"column":8},"end":{"line":155,"column":38}}]},"11":{"loc":{"start":{"line":224,"column":85},"end":{"line":224,"column":37}},"type":"cond-expr","locations":[{"start":{"line":224,"column":85},"end":{"line":224,"column":37}},{"start":{"line":227,"column":42},"end":{"line":212,"column":32}}]},"12":{"loc":{"start":{"line":237,"column":83},"end":{"line":237,"column":37}},"type":"cond-expr","locations":[{"start":{"line":237,"column":83},"end":{"line":237,"column":37}},{"start":{"line":240,"column":42},"end":{"line":212,"column":32}}]},"13":{"loc":{"start":{"line":263,"column":40},"end":{"line":262,"column":37}},"type":"cond-expr","locations":[{"start":{"line":263,"column":40},"end":{"line":262,"column":37}},{"start":{"line":264,"column":42},"end":{"line":261,"column":32}}]}},"s":{"0":0,"1":0,"2":0,"3":0,"4":0,"5":0,"6":0,"7":0,"8":0,"9":0,"10":0,"11":0,"12":0,"13":0,"14":0,"15":0,"16":0,"17":0,"18":0,"19":0,"20":0,"21":0,"22":0,"23":0,"24":0,"25":0,"26":0,"27":0,"28":0,"29":0,"30":0,"31":0,"32":0,"33":0,"34":0,"35":0,"36":0,"37":0,"38":0,"39":0,"40":0,"41":0,"42":0,"43":0,"44":0,"45":0,"46":0,"47":0,"48":0,"49":0,"50":0,"51":0,"52":0,"53":0,"54":0,"55":0,"56":0,"57":0,"58":0,"59":0,"60":0,"61":0,"62":0,"63":0,"64":0,"65":0,"66":0,"67":0,"68":0,"69":0,"70":0,"71":0,"72":0,"73":0,"74":0,"75":0,"76":0,"77":0,"78":0,"79":0,"80":0,"81":0,"82":0,"83":0,"84":0,"85":0,"86":0,"87":0},"f":{"0":0,"1":0,"2":0,"3":0,"4":0,"5":0,"6":0,"7":0,"8":0,"9":0,"10":0,"11":0},"b":{"0":[0,0],"1":[0,0,0],"2":[0,0],"3":[0,0],"4":[0,0],"5":[0,0],"6":[0,0],"7":[0,0],"8":[0,0],"9":[0,0],"10":[0,0],"11":[0,0],"12":[0,0],"13":[0,0]}}}}